TN:
SF:jest.config.js
FNF:0
FNH:0
DA:1,0
LF:1
LH:0
BRF:0
BRH:0
end_of_record
TN:
SF:postcss.config.js
FNF:0
FNH:0
DA:1,0
LF:1
LH:0
BRF:0
BRH:0
end_of_record
TN:
SF:tailwind.config.js
FNF:0
FNH:0
LF:0
LH:0
BRF:0
BRH:0
end_of_record
TN:
SF:vite.config.js
FNF:0
FNH:0
LF:0
LH:0
BRF:0
BRH:0
end_of_record
TN:
SF:client/reducers/itineraryReducer.js
FN:9,(anonymous_0)
FNF:1
FNH:0
FNDA:0,(anonymous_0)
DA:3,0
DA:5,0
DA:10,0
DA:11,0
DA:12,0
DA:17,0
DA:18,0
LF:7
LH:0
BRF:0
BRH:0
end_of_record
TN:
SF:client/reducers/listReducer.js
FN:12,(anonymous_0)
FNF:1
FNH:0
FNDA:0,(anonymous_0)
DA:3,0
DA:5,0
DA:13,0
DA:18,0
DA:19,0
LF:5
LH:0
BRF:0
BRH:0
end_of_record
TN:
SF:client/reducers/tripReducer.js
FN:21,(anonymous_0)
FN:24,(anonymous_1)
FN:27,(anonymous_2)
FN:30,(anonymous_3)
FN:33,(anonymous_4)
FN:36,(anonymous_5)
FN:39,(anonymous_6)
FNF:7
FNH:0
FNDA:0,(anonymous_0)
FNDA:0,(anonymous_1)
FNDA:0,(anonymous_2)
FNDA:0,(anonymous_3)
FNDA:0,(anonymous_4)
FNDA:0,(anonymous_5)
FNDA:0,(anonymous_6)
DA:3,0
DA:4,0
DA:5,0
DA:7,0
DA:17,0
DA:22,0
DA:25,0
DA:28,0
DA:31,0
DA:34,0
DA:37,0
DA:40,0
DA:45,0
DA:46,0
LF:14
LH:0
BRF:0
BRH:0
end_of_record
TN:
SF:coverage/lcov-report/block-navigation.js
FN:2,init
FN:24,toggleClass
FN:31,makeCurrent
FN:41,goToPrevious
FN:52,goToNext
FN:65,jump
FNF:6
FNH:0
FNDA:0,init
FNDA:0,toggleClass
FNDA:0,makeCurrent
FNDA:0,goToPrevious
FNDA:0,goToNext
FNDA:0,jump
DA:2,0
DA:4,0
DA:7,0
DA:10,0
DA:14,0
DA:20,0
DA:25,0
DA:28,0
DA:32,0
DA:33,0
DA:34,0
DA:42,0
DA:43,0
DA:44,0
DA:45,0
DA:46,0
DA:49,0
DA:53,0
DA:55,0
DA:59,0
DA:62,0
DA:65,0
DA:66,0
DA:71,0
DA:74,0
DA:77,0
DA:78,0
DA:82,0
DA:83,0
DA:87,0
LF:30
LH:0
BRDA:43,0,0,0
BRDA:43,0,1,0
BRDA:43,1,0,0
BRDA:43,1,1,0
BRDA:45,2,0,0
BRDA:45,2,1,0
BRDA:55,3,0,0
BRDA:55,3,1,0
BRDA:56,4,0,0
BRDA:56,4,1,0
BRDA:66,5,0,0
BRDA:66,5,1,0
BRDA:67,6,0,0
BRDA:67,6,1,0
BRDA:74,7,0,0
BRDA:74,7,1,0
BRDA:74,7,2,0
BRDA:74,7,3,0
BRDA:74,7,4,0
BRF:19
BRH:0
end_of_record
TN:
SF:coverage/lcov-report/prettify.js
FN:2,(anonymous_0)
FN:2,k
FN:2,ab
FN:2,T
FN:2,X
FN:2,(anonymous_5)
FN:2,W
FN:2,(anonymous_7)
FN:2,a
FN:2,aa
FN:2,B
FN:2,o
FN:2,g
FN:2,(anonymous_13)
FN:2,(anonymous_14)
FN:2,i
FN:2,Q
FN:2,ae
FN:2,ad
FN:2,ai
FN:2,D
FN:2,c
FN:2,q
FN:2,d
FN:2,y
FN:2,b
FN:2,Y
FN:2,(anonymous_27)
FN:2,U
FNF:29
FNH:0
FNDA:0,(anonymous_0)
FNDA:0,k
FNDA:0,ab
FNDA:0,T
FNDA:0,X
FNDA:0,(anonymous_5)
FNDA:0,W
FNDA:0,(anonymous_7)
FNDA:0,a
FNDA:0,aa
FNDA:0,B
FNDA:0,o
FNDA:0,g
FNDA:0,(anonymous_13)
FNDA:0,(anonymous_14)
FNDA:0,i
FNDA:0,Q
FNDA:0,ae
FNDA:0,ad
FNDA:0,ai
FNDA:0,D
FNDA:0,c
FNDA:0,q
FNDA:0,d
FNDA:0,y
FNDA:0,b
FNDA:0,Y
FNDA:0,(anonymous_27)
FNDA:0,U
DA:2,0
LF:1
LH:0
BRDA:2,0,0,0
BRDA:2,0,1,0
BRDA:2,1,0,0
BRDA:2,1,1,0
BRDA:2,2,0,0
BRDA:2,2,1,0
BRDA:2,3,0,0
BRDA:2,3,1,0
BRDA:2,4,0,0
BRDA:2,4,1,0
BRDA:2,5,0,0
BRDA:2,5,1,0
BRDA:2,6,0,0
BRDA:2,6,1,0
BRDA:2,7,0,0
BRDA:2,7,1,0
BRDA:2,8,0,0
BRDA:2,8,1,0
BRDA:2,9,0,0
BRDA:2,9,1,0
BRDA:2,10,0,0
BRDA:2,10,1,0
BRDA:2,11,0,0
BRDA:2,11,1,0
BRDA:2,11,2,0
BRDA:2,11,3,0
BRDA:2,12,0,0
BRDA:2,12,1,0
BRDA:2,13,0,0
BRDA:2,13,1,0
BRDA:2,14,0,0
BRDA:2,14,1,0
BRDA:2,15,0,0
BRDA:2,15,1,0
BRDA:2,16,0,0
BRDA:2,16,1,0
BRDA:2,17,0,0
BRDA:2,17,1,0
BRDA:2,18,0,0
BRDA:2,18,1,0
BRDA:2,19,0,0
BRDA:2,19,1,0
BRDA:2,20,0,0
BRDA:2,20,1,0
BRDA:2,21,0,0
BRDA:2,21,1,0
BRDA:2,22,0,0
BRDA:2,22,1,0
BRDA:2,23,0,0
BRDA:2,23,1,0
BRDA:2,24,0,0
BRDA:2,24,1,0
BRDA:2,25,0,0
BRDA:2,25,1,0
BRDA:2,26,0,0
BRDA:2,26,1,0
BRDA:2,27,0,0
BRDA:2,27,1,0
BRDA:2,28,0,0
BRDA:2,28,1,0
BRDA:2,29,0,0
BRDA:2,29,1,0
BRDA:2,30,0,0
BRDA:2,30,1,0
BRDA:2,31,0,0
BRDA:2,31,1,0
BRDA:2,32,0,0
BRDA:2,32,1,0
BRDA:2,33,0,0
BRDA:2,33,1,0
BRDA:2,34,0,0
BRDA:2,34,1,0
BRDA:2,35,0,0
BRDA:2,35,1,0
BRDA:2,36,0,0
BRDA:2,36,1,0
BRDA:2,37,0,0
BRDA:2,37,1,0
BRDA:2,38,0,0
BRDA:2,38,1,0
BRDA:2,39,0,0
BRDA:2,39,1,0
BRDA:2,40,0,0
BRDA:2,40,1,0
BRDA:2,41,0,0
BRDA:2,41,1,0
BRDA:2,42,0,0
BRDA:2,42,1,0
BRDA:2,43,0,0
BRDA:2,43,1,0
BRDA:2,44,0,0
BRDA:2,44,1,0
BRDA:2,45,0,0
BRDA:2,45,1,0
BRDA:2,46,0,0
BRDA:2,46,1,0
BRDA:2,47,0,0
BRDA:2,47,1,0
BRDA:2,48,0,0
BRDA:2,48,1,0
BRDA:2,49,0,0
BRDA:2,49,1,0
BRDA:2,50,0,0
BRDA:2,50,1,0
BRDA:2,50,2,0
BRDA:2,51,0,0
BRDA:2,51,1,0
BRDA:2,52,0,0
BRDA:2,52,1,0
BRDA:2,53,0,0
BRDA:2,53,1,0
BRDA:2,54,0,0
BRDA:2,54,1,0
BRDA:2,55,0,0
BRDA:2,55,1,0
BRDA:2,56,0,0
BRDA:2,56,1,0
BRDA:2,57,0,0
BRDA:2,57,1,0
BRDA:2,58,0,0
BRDA:2,58,1,0
BRDA:2,59,0,0
BRDA:2,59,1,0
BRDA:2,60,0,0
BRDA:2,60,1,0
BRDA:2,61,0,0
BRDA:2,61,1,0
BRDA:2,62,0,0
BRDA:2,62,1,0
BRDA:2,63,0,0
BRDA:2,63,1,0
BRDA:2,64,0,0
BRDA:2,64,1,0
BRDA:2,65,0,0
BRDA:2,65,1,0
BRDA:2,66,0,0
BRDA:2,66,1,0
BRDA:2,67,0,0
BRDA:2,67,1,0
BRDA:2,68,0,0
BRDA:2,68,1,0
BRDA:2,69,0,0
BRDA:2,69,1,0
BRDA:2,70,0,0
BRDA:2,70,1,0
BRDA:2,71,0,0
BRDA:2,71,1,0
BRDA:2,72,0,0
BRDA:2,72,1,0
BRDA:2,73,0,0
BRDA:2,73,1,0
BRDA:2,74,0,0
BRDA:2,74,1,0
BRDA:2,75,0,0
BRDA:2,75,1,0
BRDA:2,76,0,0
BRDA:2,76,1,0
BRDA:2,77,0,0
BRDA:2,77,1,0
BRDA:2,78,0,0
BRDA:2,78,1,0
BRDA:2,79,0,0
BRDA:2,79,1,0
BRDA:2,80,0,0
BRDA:2,80,1,0
BRDA:2,81,0,0
BRDA:2,81,1,0
BRDA:2,82,0,0
BRDA:2,82,1,0
BRDA:2,83,0,0
BRDA:2,83,1,0
BRDA:2,84,0,0
BRDA:2,84,1,0
BRDA:2,85,0,0
BRDA:2,85,1,0
BRDA:2,86,0,0
BRDA:2,86,1,0
BRDA:2,87,0,0
BRDA:2,87,1,0
BRDA:2,88,0,0
BRDA:2,88,1,0
BRDA:2,89,0,0
BRDA:2,89,1,0
BRDA:2,89,2,0
BRDA:2,90,0,0
BRDA:2,90,1,0
BRDA:2,91,0,0
BRDA:2,91,1,0
BRDA:2,92,0,0
BRDA:2,92,1,0
BRDA:2,93,0,0
BRDA:2,93,1,0
BRDA:2,94,0,0
BRDA:2,94,1,0
BRDA:2,95,0,0
BRDA:2,95,1,0
BRDA:2,96,0,0
BRDA:2,96,1,0
BRDA:2,97,0,0
BRDA:2,97,1,0
BRDA:2,98,0,0
BRDA:2,98,1,0
BRDA:2,99,0,0
BRDA:2,99,1,0
BRDA:2,100,0,0
BRDA:2,100,1,0
BRDA:2,101,0,0
BRDA:2,101,1,0
BRDA:2,102,0,0
BRDA:2,102,1,0
BRDA:2,103,0,0
BRDA:2,103,1,0
BRDA:2,104,0,0
BRDA:2,104,1,0
BRDA:2,105,0,0
BRDA:2,105,1,0
BRDA:2,106,0,0
BRDA:2,106,1,0
BRDA:2,107,0,0
BRDA:2,107,1,0
BRDA:2,108,0,0
BRDA:2,108,1,0
BRDA:2,109,0,0
BRDA:2,109,1,0
BRDA:2,110,0,0
BRDA:2,110,1,0
BRDA:2,111,0,0
BRDA:2,111,1,0
BRDA:2,112,0,0
BRDA:2,112,1,0
BRDA:2,113,0,0
BRDA:2,113,1,0
BRDA:2,114,0,0
BRDA:2,114,1,0
BRDA:2,115,0,0
BRDA:2,115,1,0
BRDA:2,116,0,0
BRDA:2,116,1,0
BRDA:2,117,0,0
BRDA:2,117,1,0
BRDA:2,118,0,0
BRDA:2,118,1,0
BRDA:2,119,0,0
BRDA:2,119,1,0
BRDA:2,120,0,0
BRDA:2,120,1,0
BRDA:2,121,0,0
BRDA:2,121,1,0
BRDA:2,122,0,0
BRDA:2,122,1,0
BRDA:2,123,0,0
BRDA:2,123,1,0
BRDA:2,124,0,0
BRDA:2,124,1,0
BRDA:2,125,0,0
BRDA:2,125,1,0
BRDA:2,126,0,0
BRDA:2,126,1,0
BRDA:2,127,0,0
BRDA:2,127,1,0
BRDA:2,128,0,0
BRDA:2,128,1,0
BRDA:2,128,2,0
BRDA:2,129,0,0
BRDA:2,129,1,0
BRDA:2,130,0,0
BRDA:2,130,1,0
BRDA:2,131,0,0
BRDA:2,131,1,0
BRDA:2,131,2,0
BRDA:2,131,3,0
BRDA:2,131,4,0
BRDA:2,132,0,0
BRDA:2,132,1,0
BRDA:2,133,0,0
BRDA:2,133,1,0
BRDA:2,134,0,0
BRDA:2,134,1,0
BRDA:2,135,0,0
BRDA:2,135,1,0
BRDA:2,136,0,0
BRDA:2,136,1,0
BRDA:2,137,0,0
BRDA:2,137,1,0
BRDA:2,138,0,0
BRDA:2,138,1,0
BRF:286
BRH:0
end_of_record
TN:
SF:coverage/lcov-report/sorter.js
FN:2,(anonymous_0)
FN:11,getTable
FN:15,getTableHeader
FN:19,getTableBody
FN:23,getNthColumn
FN:27,onFilterInput
FN:45,addSearchBox
FN:53,loadColumns
FN:78,loadRowData
FN:97,loadData
FN:106,sortByIndex
FN:108,(anonymous_11)
FN:120,(anonymous_12)
FN:137,removeSortIndicators
FN:145,addSortIndicators
FN:151,enableUI
FN:154,ithSorter
FN:157,(anonymous_17)
FN:184,(anonymous_18)
FNF:19
FNH:0
FNDA:0,(anonymous_0)
FNDA:0,getTable
FNDA:0,getTableHeader
FNDA:0,getTableBody
FNDA:0,getNthColumn
FNDA:0,onFilterInput
FNDA:0,addSearchBox
FNDA:0,loadColumns
FNDA:0,loadRowData
FNDA:0,loadData
FNDA:0,sortByIndex
FNDA:0,(anonymous_11)
FNDA:0,(anonymous_12)
FNDA:0,removeSortIndicators
FNDA:0,addSortIndicators
FNDA:0,enableUI
FNDA:0,ithSorter
FNDA:0,(anonymous_17)
FNDA:0,(anonymous_18)
DA:2,0
DA:5,0
DA:12,0
DA:16,0
DA:20,0
DA:24,0
DA:28,0
DA:29,0
DA:30,0
DA:31,0
DA:32,0
DA:37,0
DA:39,0
DA:46,0
DA:47,0
DA:48,0
DA:49,0
DA:54,0
DA:56,0
DA:60,0
DA:61,0
DA:62,0
DA:67,0
DA:68,0
DA:69,0
DA:70,0
DA:74,0
DA:79,0
DA:82,0
DA:85,0
DA:86,0
DA:87,0
DA:88,0
DA:89,0
DA:90,0
DA:92,0
DA:94,0
DA:98,0
DA:101,0
DA:102,0
DA:107,0
DA:108,0
DA:109,0
DA:110,0
DA:111,0
DA:113,0
DA:114,0
DA:115,0
DA:116,0
DA:119,0
DA:120,0
DA:121,0
DA:125,0
DA:126,0
DA:127,0
DA:130,0
DA:132,0
DA:133,0
DA:138,0
DA:139,0
DA:141,0
DA:142,0
DA:146,0
DA:154,0
DA:155,0
DA:157,0
DA:158,0
DA:160,0
DA:161,0
DA:163,0
DA:164,0
DA:165,0
DA:166,0
DA:167,0
DA:170,0
DA:171,0
DA:174,0
DA:175,0
DA:176,0
DA:178,0
DA:184,0
DA:185,0
DA:186,0
DA:188,0
DA:189,0
DA:190,0
DA:191,0
DA:192,0
DA:196,0
LF:89
LH:0
BRDA:32,0,0,0
BRDA:32,0,1,0
BRDA:65,1,0,0
BRDA:65,1,1,0
BRDA:68,2,0,0
BRDA:68,2,1,0
BRDA:89,3,0,0
BRDA:89,3,1,0
BRDA:111,4,0,0
BRDA:111,4,1,0
BRDA:111,5,0,0
BRDA:111,5,1,0
BRDA:119,6,0,0
BRDA:119,6,1,0
BRDA:146,7,0,0
BRDA:146,7,1,0
BRDA:160,8,0,0
BRDA:160,8,1,0
BRDA:171,9,0,0
BRDA:171,9,1,0
BRDA:175,10,0,0
BRDA:175,10,1,0
BRDA:185,11,0,0
BRDA:185,11,1,0
BRF:24
BRH:0
end_of_record
TN:
SF:dist/assets/index-BE3tm-Aa.js
FN:1,Ym
FN:1,(anonymous_1)
FN:1,(anonymous_2)
FN:1,(anonymous_3)
FN:1,n
FN:1,r
FN:1,Xm
FN:9,sy
FN:9,(anonymous_8)
FN:9,(anonymous_9)
FN:9,(anonymous_10)
FN:9,(anonymous_11)
FN:9,hr
FN:9,(anonymous_13)
FN:9,(anonymous_14)
FN:9,xd
FN:9,Gu
FN:9,Cd
FN:9,uy
FN:9,qu
FN:9,ay
FN:9,(anonymous_21)
FN:9,es
FN:9,io
FN:9,(anonymous_24)
FN:9,Mi
FN:9,(anonymous_26)
FN:9,cy
FN:9,(anonymous_28)
FN:9,(anonymous_29)
FN:9,(anonymous_30)
FN:9,(anonymous_31)
FN:9,(anonymous_32)
FN:9,(anonymous_33)
FN:9,(anonymous_34)
FN:9,(anonymous_35)
FN:9,(anonymous_36)
FN:9,(anonymous_37)
FN:9,(anonymous_38)
FN:9,(anonymous_39)
FN:9,(anonymous_40)
FN:9,(anonymous_41)
FN:9,(anonymous_42)
FN:9,(anonymous_43)
FN:9,(anonymous_44)
FN:9,(anonymous_45)
FN:9,(anonymous_46)
FN:9,(anonymous_47)
FN:9,(anonymous_48)
FN:9,(anonymous_49)
FN:9,(anonymous_50)
FN:9,(anonymous_51)
FN:9,(anonymous_52)
FN:9,(anonymous_53)
FN:9,(anonymous_54)
FN:9,(anonymous_55)
FN:9,(anonymous_56)
FN:9,(anonymous_57)
FN:9,(anonymous_58)
FN:9,(anonymous_59)
FN:9,(anonymous_60)
FN:17,Ed
FN:25,(anonymous_62)
FN:25,t
FN:25,n
FN:25,r
FN:25,i
FN:25,(anonymous_67)
FN:25,(anonymous_68)
FN:25,h
FN:25,S
FN:25,_
FN:25,Q
FN:25,we
FN:25,(anonymous_74)
FN:25,(anonymous_75)
FN:25,(anonymous_76)
FN:25,ie
FN:25,oe
FN:25,(anonymous_79)
FN:25,(anonymous_80)
FN:25,(anonymous_81)
FN:25,(anonymous_82)
FN:25,(anonymous_83)
FN:25,(anonymous_84)
FN:25,(anonymous_85)
FN:25,(anonymous_86)
FN:25,(anonymous_87)
FN:25,(anonymous_88)
FN:25,(anonymous_89)
FN:25,(anonymous_90)
FN:25,(anonymous_91)
FN:33,C
FN:33,Nn
FN:33,rr
FN:33,xy
FN:33,ky
FN:33,_y
FN:33,je
FN:33,(anonymous_99)
FN:33,(anonymous_100)
FN:33,(anonymous_101)
FN:33,(anonymous_102)
FN:33,(anonymous_103)
FN:33,(anonymous_104)
FN:33,(anonymous_105)
FN:33,(anonymous_106)
FN:33,(anonymous_107)
FN:33,Zu
FN:33,(anonymous_109)
FN:33,(anonymous_110)
FN:33,(anonymous_111)
FN:33,(anonymous_112)
FN:33,(anonymous_113)
FN:33,ea
FN:33,wr
FN:33,Tr
FN:34,rs
FN:34,(anonymous_118)
FN:34,(anonymous_119)
FN:37,Cy
FN:37,Bs
FN:37,Ey
FN:37,rn
FN:37,zd
FN:37,Py
FN:37,(anonymous_126)
FN:37,(anonymous_127)
FN:37,(anonymous_128)
FN:37,(anonymous_129)
FN:37,(anonymous_130)
FN:37,Fi
FN:37,Md
FN:37,So
FN:37,Vs
FN:37,kc
FN:37,Ld
FN:37,Ws
FN:37,_c
FN:37,Qs
FN:37,Yn
FN:37,Hs
FN:37,Cc
FN:37,Fd
FN:37,Ec
FN:37,$d
FN:37,Ks
FN:37,(anonymous_147)
FN:37,(anonymous_148)
FN:37,(anonymous_149)
FN:37,(anonymous_150)
FN:37,Xr
FN:37,(anonymous_152)
FN:37,(anonymous_153)
FN:37,Ud
FN:37,Bd
FN:37,bs
FN:37,Gs
FN:37,ia
FN:37,Pc
FN:37,Vd
FN:37,Wd
FN:37,Qd
FN:37,Hd
FN:37,Kd
FN:37,qr
FN:37,(anonymous_166)
FN:37,Ry
FN:37,(anonymous_168)
FN:37,Oy
FN:37,Iy
FN:37,Rn
FN:37,bd
FN:37,jc
FN:37,Dy
FN:37,Gd
FN:37,Yd
FN:37,$y
FN:37,By
FN:37,Ir
FN:37,Co
FN:37,Vy
FN:37,Wy
FN:37,Zs
FN:37,Zd
FN:37,os
FN:37,Ei
FN:37,Qy
FN:37,la
FN:37,ep
FN:37,Rc
FN:37,xr
FN:37,Ky
FN:37,op
FN:37,(anonymous_194)
FN:37,lo
FN:37,Tc
FN:37,by
FN:37,kr
FN:37,ei
FN:37,t
FN:37,Gy
FN:37,Yy
FN:37,ua
FN:37,tu
FN:37,lp
FN:37,sp
FN:37,uo
FN:37,Vi
FN:37,Oc
FN:37,He
FN:37,t
FN:37,(anonymous_212)
FN:37,(anonymous_213)
FN:37,(anonymous_214)
FN:37,(anonymous_215)
FN:37,(anonymous_216)
FN:37,(anonymous_217)
FN:37,(anonymous_218)
FN:37,(anonymous_219)
FN:37,uv
FN:37,fa
FN:37,(anonymous_222)
FN:37,(anonymous_223)
FN:37,(anonymous_224)
FN:37,(anonymous_225)
FN:37,(anonymous_226)
FN:37,(anonymous_227)
FN:37,ap
FN:37,cp
FN:37,Sv
FN:37,xv
FN:37,Fc
FN:37,fp
FN:37,_v
FN:37,ll
FN:37,Cv
FN:37,Ac
FN:37,pp
FN:37,Ev
FN:37,Pv
FN:37,jv
FN:37,Nv
FN:37,Rv
FN:37,ni
FN:37,Uc
FN:37,Bc
FN:37,hp
FN:37,mp
FN:37,pa
FN:37,Tv
FN:37,Vc
FN:37,Wi
FN:37,sl
FN:37,un
FN:37,Qc
FN:37,kp
FN:37,b
FN:37,hs
FN:37,ri
FN:37,(anonymous_260)
FN:37,_p
FN:37,ms
FN:37,(anonymous_263)
FN:37,ii
FN:37,jo
FN:37,zn
FN:37,Hc
FN:37,Kc
FN:38,Hi
FN:38,No
FN:38,lu
FN:38,(anonymous_272)
FN:38,Av
FN:38,(anonymous_274)
FN:38,ys
FN:38,Xt
FN:38,Gc
FN:38,yn
FN:38,ji
FN:38,Bn
FN:38,ul
FN:38,an
FN:38,G
FN:38,K
FN:38,ir
FN:38,De
FN:38,Ro
FN:38,Yc
FN:38,Cp
FN:38,To
FN:38,Xc
FN:38,Ep
FN:38,Vv
FN:38,cn
FN:38,pn
FN:38,Pp
FN:38,ha
FN:38,ma
FN:38,jp
FN:38,qc
FN:38,cu
FN:38,fu
FN:38,Jc
FN:38,Ki
FN:38,Np
FN:38,or
FN:38,ya
FN:38,it
FN:38,ga
FN:38,wa
FN:38,du
FN:38,Zn
FN:38,Ze
FN:38,Sa
FN:38,Rp
FN:38,Ot
FN:38,xa
FN:38,Tp
FN:38,Nt
FN:38,qt
FN:38,ao
FN:38,Zc
FN:38,Mo
FN:38,ef
FN:38,pu
FN:38,(anonymous_326)
FN:38,(anonymous_327)
FN:38,(anonymous_328)
FN:38,(anonymous_329)
FN:38,tf
FN:38,Ip
FN:38,nf
FN:38,hu
FN:38,Cr
FN:38,(anonymous_335)
FN:38,bi
FN:38,rf
FN:38,Dp
FN:38,t
FN:38,n
FN:38,r
FN:38,i
FN:38,o
FN:38,l
FN:38,s
FN:38,u
FN:38,a
FN:38,c
FN:38,f
FN:38,d
FN:38,g
FN:38,v
FN:38,(anonymous_353)
FN:38,w
FN:38,(anonymous_355)
FN:38,x
FN:38,gn
FN:38,ka
FN:38,sr
FN:38,Mp
FN:38,_a
FN:38,Lo
FN:38,Ca
FN:38,me
FN:38,Ea
FN:38,Pa
FN:38,ja
FN:38,yt
FN:38,et
FN:38,ai
FN:38,Ss
FN:38,xs
FN:38,Lp
FN:38,Fp
FN:38,$p
FN:38,Ap
FN:38,Up
FN:38,(anonymous_378)
FN:38,Bp
FN:38,Vp
FN:38,of
FN:38,ci
FN:38,Wp
FN:38,fo
FN:38,fl
FN:38,lf
FN:38,Na
FN:38,Qp
FN:38,Hp
FN:38,Kp
FN:38,(anonymous_391)
FN:38,(anonymous_392)
FN:38,bp
FN:38,Ra
FN:38,Gp
FN:38,Yp
FN:38,Xp
FN:38,Hv
FN:38,qp
FN:38,Kv
FN:38,bv
FN:38,Jp
FN:38,Zp
FN:38,eh
FN:38,(anonymous_405)
FN:38,(anonymous_406)
FN:38,(anonymous_407)
FN:38,(anonymous_408)
FN:38,(anonymous_409)
FN:38,(anonymous_410)
FN:38,(anonymous_411)
FN:38,(anonymous_412)
FN:38,(anonymous_413)
FN:38,(anonymous_414)
FN:38,(anonymous_415)
FN:38,(anonymous_416)
FN:38,(anonymous_417)
FN:38,(anonymous_418)
FN:38,(anonymous_419)
FN:38,(anonymous_420)
FN:38,(anonymous_421)
FN:38,(anonymous_422)
FN:38,ur
FN:40,ks
FN:40,mu
FN:40,(anonymous_426)
FN:40,th
FN:40,(anonymous_428)
FN:40,nh
FN:40,(anonymous_430)
FN:40,(anonymous_431)
FN:40,(anonymous_432)
FN:40,sf
FN:40,uf
FN:40,af
FN:40,_e
FN:40,cf
FN:40,ff
FN:40,rh
FN:40,ih
FN:40,oh
FN:40,yu
FN:40,df
FN:40,vu
FN:40,lh
FN:40,pf
FN:40,wu
FN:40,sh
FN:40,Ta
FN:40,Gi
FN:40,Zv
FN:40,hf
FN:40,_s
FN:40,uh
FN:40,po
FN:40,It
FN:40,eg
FN:40,(anonymous_458)
FN:40,(anonymous_459)
FN:40,(anonymous_460)
FN:40,(anonymous_461)
FN:40,Er
FN:40,ye
FN:40,tg
FN:40,ng
FN:40,Kn
FN:40,xu
FN:40,ig
FN:40,Vr
FN:40,dl
FN:40,ku
FN:40,dh
FN:40,ph
FN:40,yf
FN:40,_u
FN:40,Cu
FN:40,Lt
FN:40,hh
FN:40,vf
FN:40,(anonymous_480)
FN:40,rt
FN:40,mh
FN:40,mt
FN:40,og
FN:40,yh
FN:40,gf
FN:40,wf
FN:40,Sf
FN:40,Ee
FN:40,Zt
FN:40,ft
FN:40,ze
FN:40,(anonymous_493)
FN:40,vh
FN:40,ju
FN:40,Nu
FN:40,sg
FN:40,Bt
FN:40,xf
FN:40,za
FN:40,En
FN:40,Ma
FN:40,wn
FN:40,gh
FN:40,wh
FN:40,La
FN:40,Vo
FN:40,ug
FN:40,ag
FN:40,Sh
FN:40,xh
FN:40,hn
FN:40,cg
FN:40,(anonymous_514)
FN:40,er
FN:40,kf
FN:40,ee
FN:40,fg
FN:40,kh
FN:40,dg
FN:40,pg
FN:40,(anonymous_522)
FN:40,Ch
FN:40,hg
FN:40,qe
FN:40,Fa
FN:40,mg
FN:40,en
FN:40,yo
FN:40,Sn
FN:40,hl
FN:40,Cs
FN:40,Es
FN:40,yg
FN:40,$a
FN:40,vg
FN:40,Eh
FN:40,Ph
FN:40,ml
FN:40,Wo
FN:40,_f
FN:40,Aa
FN:40,gg
FN:40,(anonymous_544)
FN:40,Ua
FN:40,(anonymous_546)
FN:40,(anonymous_547)
FN:40,(anonymous_548)
FN:40,yl
FN:40,(anonymous_550)
FN:40,Ba
FN:40,vl
FN:40,Cf
FN:40,wg
FN:40,(anonymous_555)
FN:40,(anonymous_556)
FN:40,(anonymous_557)
FN:40,gl
FN:40,(anonymous_559)
FN:40,(anonymous_560)
FN:40,(anonymous_561)
FN:40,(anonymous_562)
FN:40,(anonymous_563)
FN:40,(anonymous_564)
FN:40,(anonymous_565)
FN:40,(anonymous_566)
FN:40,(anonymous_567)
FN:40,(anonymous_568)
FN:40,(anonymous_569)
FN:40,(anonymous_570)
FN:40,(anonymous_571)
FN:40,(anonymous_572)
FN:40,(anonymous_573)
FN:40,(anonymous_574)
FN:40,(anonymous_575)
FN:40,(anonymous_576)
FN:40,(anonymous_577)
FN:40,(anonymous_578)
FN:40,Nh
FN:48,kg
FN:48,Ng
FN:48,(anonymous_582)
FN:48,(anonymous_583)
FN:48,(anonymous_584)
FN:48,Ps
FN:48,Rg
FN:56,Dg
FN:56,(anonymous_588)
FN:56,(anonymous_589)
FN:56,u
FN:56,(anonymous_591)
FN:56,(anonymous_592)
FN:56,(anonymous_593)
FN:56,Bg
FN:56,(anonymous_595)
FN:56,(anonymous_596)
FN:56,Qg
FN:56,Wa
FN:56,(anonymous_599)
FN:56,(anonymous_600)
FN:56,(anonymous_601)
FN:56,(anonymous_602)
FN:56,Gg
FN:56,(anonymous_604)
FN:56,(anonymous_605)
FN:63,Ke
FN:63,$h
FN:63,(anonymous_608)
FN:63,(anonymous_609)
FN:63,(anonymous_610)
FN:63,(anonymous_611)
FN:63,(anonymous_612)
FN:63,(anonymous_613)
FN:63,(anonymous_614)
FN:63,(anonymous_615)
FN:63,(anonymous_616)
FN:63,(anonymous_617)
FN:63,(anonymous_618)
FN:63,(anonymous_619)
FN:63,(anonymous_620)
FN:71,tt
FN:71,(anonymous_622)
FN:71,(anonymous_623)
FN:71,(anonymous_624)
FN:71,(anonymous_625)
FN:71,(anonymous_626)
FN:71,(anonymous_627)
FN:71,(anonymous_628)
FN:71,(anonymous_629)
FN:71,(anonymous_630)
FN:71,(anonymous_631)
FN:71,(anonymous_632)
FN:71,(anonymous_633)
FN:71,(anonymous_634)
FN:71,(anonymous_635)
FN:71,(anonymous_636)
FN:71,o0
FN:71,(anonymous_638)
FN:71,(anonymous_639)
FN:71,(anonymous_640)
FN:71,(anonymous_641)
FN:71,(anonymous_642)
FN:71,(anonymous_643)
FN:71,(anonymous_644)
FN:71,(anonymous_645)
FN:71,l0
FN:71,l
FN:71,(anonymous_648)
FN:71,s
FN:71,u
FN:71,a
FN:71,c
FN:71,f
FN:71,d
FN:71,g
FN:71,(anonymous_656)
FN:71,a0
FN:71,(anonymous_658)
FN:71,(anonymous_659)
FN:71,(anonymous_660)
FN:71,(anonymous_661)
FN:71,(anonymous_662)
FN:71,Vh
FN:71,(anonymous_664)
FN:71,f0
FN:71,(anonymous_666)
FN:71,fe
FN:71,(anonymous_668)
FN:71,(anonymous_669)
FN:71,Ya
FN:71,Wh
FN:71,a
FN:71,(anonymous_673)
FN:71,c
FN:71,f
FN:71,(anonymous_676)
FN:71,d
FN:71,(anonymous_678)
FN:71,g
FN:71,v
FN:71,(anonymous_681)
FN:71,p
FN:71,(anonymous_683)
FN:71,h0
FN:71,(anonymous_685)
FN:71,m0
FN:71,(anonymous_687)
FN:71,Ho
FN:71,(anonymous_689)
FN:71,(anonymous_690)
FN:71,(anonymous_691)
FN:71,y0
FN:71,(anonymous_693)
FN:71,(anonymous_694)
FN:71,(anonymous_695)
FN:71,(anonymous_696)
FN:71,(anonymous_697)
FN:71,v0
FN:71,ut
FN:71,sn
FN:71,zt
FN:71,Hh
FN:71,Ko
FN:71,(anonymous_704)
FN:71,(anonymous_705)
FN:71,Ul
FN:71,Ru
FN:71,Kh
FN:71,w0
FN:71,Bl
FN:71,Vl
FN:71,mn
FN:71,Tu
FN:71,Xa
FN:71,(anonymous_715)
FN:71,S0
FN:71,Wl
FN:71,Pn
FN:71,bh
FN:71,k0
FN:71,Of
FN:71,Ou
FN:71,Iu
FN:71,If
FN:71,_0
FN:71,Df
FN:71,bo
FN:71,(anonymous_728)
FN:71,(anonymous_729)
FN:71,zf
FN:71,Go
FN:71,C0
FN:71,(anonymous_733)
FN:71,(anonymous_734)
FN:71,(anonymous_735)
FN:71,(anonymous_736)
FN:71,(anonymous_737)
FN:71,(anonymous_738)
FN:71,(anonymous_739)
FN:71,(anonymous_740)
FN:71,(anonymous_741)
FN:71,(anonymous_742)
FN:71,(anonymous_743)
FN:71,(anonymous_744)
FN:71,(anonymous_745)
FN:71,Ns
FN:71,E0
FN:71,Gh
FN:71,Du
FN:71,Rs
FN:71,(anonymous_751)
FN:71,(anonymous_752)
FN:71,(anonymous_753)
FN:71,(anonymous_754)
FN:71,(anonymous_755)
FN:71,(anonymous_756)
FN:71,(anonymous_757)
FN:71,(anonymous_758)
FN:71,(anonymous_759)
FN:71,(anonymous_760)
FN:71,(anonymous_761)
FN:71,(anonymous_762)
FN:71,(anonymous_763)
FN:71,(anonymous_764)
FN:71,zu
FN:71,Yh
FN:71,Xh
FN:71,(anonymous_768)
FN:71,j0
FN:71,N0
FN:71,R0
FN:71,(anonymous_772)
FN:71,(anonymous_773)
FN:71,(anonymous_774)
FN:71,T0
FN:71,O0
FN:71,(anonymous_777)
FN:71,(anonymous_778)
FN:71,Ji
FN:71,Ja
FN:71,l
FN:71,(anonymous_782)
FN:71,(anonymous_783)
FN:71,(anonymous_784)
FN:71,Jh
FN:71,(anonymous_786)
FN:71,(anonymous_787)
FN:71,(anonymous_788)
FN:71,(anonymous_789)
FN:71,(anonymous_790)
FN:71,(anonymous_791)
FN:71,(anonymous_792)
FN:71,(anonymous_793)
FN:71,(anonymous_794)
FN:71,(anonymous_795)
FN:71,(anonymous_796)
FN:71,(anonymous_797)
FN:71,(anonymous_798)
FN:71,(anonymous_799)
FN:71,Zh
FN:71,(anonymous_801)
FN:71,(anonymous_802)
FN:71,(anonymous_803)
FN:71,(anonymous_804)
FN:71,(anonymous_805)
FN:71,(anonymous_806)
FN:71,(anonymous_807)
FN:71,(anonymous_808)
FN:71,dr
FN:71,n
FN:71,(anonymous_811)
FN:71,(anonymous_812)
FN:71,(anonymous_813)
FN:71,(anonymous_814)
FN:71,(anonymous_815)
FN:71,(anonymous_816)
FN:71,Ff
FN:71,(anonymous_818)
FN:71,$f
FN:71,B0
FN:71,(anonymous_821)
FN:71,(anonymous_822)
FN:71,(anonymous_823)
FN:71,(anonymous_824)
FN:71,(anonymous_825)
FN:71,(anonymous_826)
FN:71,(anonymous_827)
FN:71,(anonymous_828)
FN:71,(anonymous_829)
FN:71,(anonymous_830)
FN:71,(anonymous_831)
FN:71,(anonymous_832)
FN:71,(anonymous_833)
FN:71,(anonymous_834)
FN:71,(anonymous_835)
FN:71,G0
FN:71,nm
FN:71,(anonymous_838)
FN:71,(anonymous_839)
FN:71,(anonymous_840)
FN:71,Y0
FN:71,X0
FN:71,(anonymous_843)
FN:71,(anonymous_844)
FN:71,l
FN:71,(anonymous_846)
FN:71,(anonymous_847)
FN:71,(anonymous_848)
FN:71,(anonymous_849)
FN:71,(anonymous_850)
FN:71,(anonymous_851)
FN:71,e1
FN:71,t1
FN:71,(anonymous_854)
FN:71,(anonymous_855)
FN:71,(anonymous_856)
FN:71,(anonymous_857)
FN:71,(anonymous_858)
FN:71,(anonymous_859)
FN:71,f
FN:71,(anonymous_861)
FN:71,(anonymous_862)
FN:71,w
FN:71,x
FN:71,m
FN:71,_
FN:71,N
FN:71,(anonymous_868)
FN:71,(anonymous_869)
FN:71,(anonymous_870)
FN:71,(anonymous_871)
FN:71,n1
FN:71,i
FN:71,r1
FN:71,e
FN:71,(anonymous_876)
FN:71,(anonymous_877)
FN:71,(anonymous_878)
FN:71,(anonymous_879)
FN:71,i1
FN:71,o1
FN:71,l1
FN:71,s1
FN:71,Zi
FN:71,(anonymous_885)
FN:71,(anonymous_886)
FN:71,(anonymous_887)
FN:71,(anonymous_888)
FN:71,(anonymous_889)
FN:71,(anonymous_890)
FN:71,(anonymous_891)
FN:71,Me
FN:80,hi
FN:80,(anonymous_894)
FN:80,(anonymous_895)
FN:80,p1
FN:80,t
FN:80,n
FN:80,re
FN:80,im
FN:80,h1
FN:80,Uf
FN:80,Mu
FN:80,Yo
FN:80,vr
FN:80,m1
FN:80,c
FN:80,f
FN:80,d
FN:80,g
FN:80,v
FN:80,(anonymous_912)
FN:80,(anonymous_913)
FN:80,(anonymous_914)
FN:80,(anonymous_915)
FN:80,(anonymous_916)
FN:80,(anonymous_917)
FN:80,(anonymous_918)
FN:80,(anonymous_919)
FN:80,y1
FN:80,om
FN:80,(anonymous_922)
FN:80,(anonymous_923)
FN:80,lm
FN:80,(anonymous_925)
FN:80,(anonymous_926)
FN:80,v1
FN:80,(anonymous_928)
FN:80,(anonymous_929)
FN:80,(anonymous_930)
FN:80,(anonymous_931)
FN:80,C1
FN:80,(anonymous_933)
FN:80,(anonymous_934)
FN:80,E1
FN:80,(anonymous_936)
FN:80,P1
FN:80,j1
FN:80,(anonymous_939)
FN:80,N1
FN:80,(anonymous_941)
FN:80,R1
FN:80,(anonymous_943)
FN:80,ec
FN:80,T1
FN:80,O1
FN:80,(anonymous_947)
FN:80,Ts
FN:80,I1
FN:80,(anonymous_950)
FN:80,sm
FN:80,(anonymous_952)
FN:80,(anonymous_953)
FN:80,um
FN:80,(anonymous_955)
FN:80,(anonymous_956)
FN:80,(anonymous_957)
FN:80,(anonymous_958)
FN:80,L1
FN:89,mi
FN:89,(anonymous_961)
FN:89,A1
FN:89,Ri
FN:89,Ti
FN:89,fm
FN:89,nt
FN:89,U1
FN:89,(anonymous_968)
FN:89,(anonymous_969)
FN:89,V1
FN:89,dm
FN:89,(anonymous_972)
FN:89,W1
FN:89,Q1
FN:89,(anonymous_975)
FN:89,H1
FN:89,(anonymous_977)
FN:89,(anonymous_978)
FN:89,(anonymous_979)
FN:89,(anonymous_980)
FN:89,(anonymous_981)
FN:89,G1
FN:89,Y1
FN:89,(anonymous_984)
FN:89,(anonymous_985)
FN:89,(anonymous_986)
FN:89,(anonymous_987)
FN:89,(anonymous_988)
FN:89,X1
FN:89,q1
FN:89,J1
FN:89,hm
FN:89,Z1
FN:89,ew
FN:89,(anonymous_995)
FN:89,(anonymous_996)
FN:89,tw
FN:89,mm
FN:89,ke
FN:89,nw
FN:89,(anonymous_1001)
FN:89,(anonymous_1002)
FN:89,rw
FN:89,(anonymous_1004)
FN:89,Lu
FN:89,(anonymous_1006)
FN:98,Fu
FN:98,(anonymous_1008)
FN:98,iw
FN:98,ow
FN:98,lw
FN:98,cw
FN:98,(anonymous_1013)
FN:98,(anonymous_1014)
FN:98,(anonymous_1015)
FN:98,(anonymous_1016)
FN:98,p
FN:98,(anonymous_1018)
FN:98,(anonymous_1019)
FN:98,pw
FN:98,(anonymous_1021)
FN:98,(anonymous_1022)
FN:98,(anonymous_1023)
FN:98,(anonymous_1024)
FN:98,(anonymous_1025)
FN:98,(anonymous_1026)
FN:98,(anonymous_1027)
FN:98,(anonymous_1028)
FN:98,(anonymous_1029)
FN:98,Rw
FN:98,(anonymous_1031)
FN:98,t
FN:98,n
FN:98,r
FN:98,i
FN:98,o
FN:98,eo
FN:98,(anonymous_1038)
FN:98,(anonymous_1039)
FN:98,$u
FN:98,n
FN:98,r
FN:98,(anonymous_1043)
FN:98,(anonymous_1044)
FN:98,(anonymous_1045)
FN:98,(anonymous_1046)
FN:98,(anonymous_1047)
FN:98,(anonymous_1048)
FN:98,(anonymous_1049)
FN:98,(anonymous_1050)
FN:98,(anonymous_1051)
FN:98,(anonymous_1052)
FN:98,t
FN:98,(anonymous_1054)
FN:98,(anonymous_1055)
FN:98,(anonymous_1056)
FN:98,(anonymous_1057)
FN:98,(anonymous_1058)
FN:98,(anonymous_1059)
FN:98,(anonymous_1060)
FN:98,(anonymous_1061)
FN:98,(anonymous_1062)
FN:98,(anonymous_1063)
FN:98,(anonymous_1064)
FN:98,(anonymous_1065)
FN:98,(anonymous_1066)
FN:98,(anonymous_1067)
FN:98,(anonymous_1068)
FN:98,(anonymous_1069)
FN:98,(anonymous_1070)
FN:98,(anonymous_1071)
FN:98,(anonymous_1072)
FN:98,(anonymous_1073)
FN:98,(anonymous_1074)
FN:98,(anonymous_1075)
FN:98,(anonymous_1076)
FN:98,(anonymous_1077)
FN:98,(anonymous_1078)
FN:98,n
FN:98,r
FN:98,(anonymous_1081)
FN:98,(anonymous_1082)
FN:98,(anonymous_1083)
FN:98,(anonymous_1084)
FN:98,(anonymous_1085)
FN:98,(anonymous_1086)
FN:98,Oi
FN:98,Sm
FN:98,$w
FN:98,xm
FN:98,km
FN:98,(anonymous_1092)
FN:98,Ii
FN:98,(anonymous_1094)
FN:98,(anonymous_1095)
FN:98,(anonymous_1096)
FN:98,(anonymous_1097)
FN:98,_m
FN:98,(anonymous_1099)
FN:98,Uu
FN:98,(anonymous_1101)
FN:98,(anonymous_1102)
FN:98,(anonymous_1103)
FN:98,(anonymous_1104)
FN:98,(anonymous_1105)
FN:98,(anonymous_1106)
FN:98,Ct
FN:98,(anonymous_1108)
FN:98,kt
FN:98,(anonymous_1110)
FN:98,Hr
FN:98,(anonymous_1112)
FN:98,(anonymous_1113)
FN:98,(anonymous_1114)
FN:98,(anonymous_1115)
FN:98,(anonymous_1116)
FN:98,(anonymous_1117)
FN:98,(anonymous_1118)
FN:98,(anonymous_1119)
FN:98,(anonymous_1120)
FN:98,Bw
FN:98,Pm
FN:98,jm
FN:98,(anonymous_1124)
FN:98,Bu
FN:98,Vw
FN:98,(anonymous_1127)
FN:98,bl
FN:98,Zw
FN:98,Is
FN:98,bf
FN:98,Mn
FN:98,Gf
FN:98,Yf
FN:98,to
FN:98,Xf
FN:98,(anonymous_1137)
FN:98,(anonymous_1138)
FN:98,(anonymous_1139)
FN:98,eS
FN:98,tS
FN:98,(anonymous_1142)
FN:98,(anonymous_1143)
FN:98,(anonymous_1144)
FN:98,(anonymous_1145)
FN:98,(anonymous_1146)
FN:98,(anonymous_1147)
FN:98,(anonymous_1148)
FN:98,(anonymous_1149)
FN:98,(anonymous_1150)
FN:98,(anonymous_1151)
FN:98,(anonymous_1152)
FN:98,(anonymous_1153)
FN:98,(anonymous_1154)
FN:98,(anonymous_1155)
FN:98,(anonymous_1156)
FN:98,(anonymous_1157)
FN:98,(anonymous_1158)
FN:98,(anonymous_1159)
FN:98,(anonymous_1160)
FN:98,(anonymous_1161)
FN:98,(anonymous_1162)
FN:98,(anonymous_1163)
FN:98,(anonymous_1164)
FN:98,(anonymous_1165)
FN:98,(anonymous_1166)
FN:98,(anonymous_1167)
FN:98,(anonymous_1168)
FN:98,(anonymous_1169)
FN:98,(anonymous_1170)
FN:98,(anonymous_1171)
FN:98,(anonymous_1172)
FN:98,(anonymous_1173)
FN:98,(anonymous_1174)
FN:98,(anonymous_1175)
FN:98,(anonymous_1176)
FN:98,(anonymous_1177)
FN:98,iS
FN:98,gi
FN:98,(anonymous_1180)
FN:98,(anonymous_1181)
FN:98,(anonymous_1182)
FN:98,gr
FN:98,wi
FN:98,(anonymous_1185)
FN:98,(anonymous_1186)
FN:98,(anonymous_1187)
FN:98,(anonymous_1188)
FN:98,(anonymous_1189)
FN:98,(anonymous_1190)
FN:98,(anonymous_1191)
FN:98,(anonymous_1192)
FN:98,(anonymous_1193)
FN:98,(anonymous_1194)
FN:98,(anonymous_1195)
FN:98,(anonymous_1196)
FN:98,(anonymous_1197)
FN:98,(anonymous_1198)
FN:98,(anonymous_1199)
FN:98,fS
FN:98,pS
FN:98,Yl
FN:98,(anonymous_1203)
FN:98,(anonymous_1204)
FN:98,(anonymous_1205)
FN:98,Dm
FN:98,(anonymous_1207)
FN:98,mS
FN:98,(anonymous_1209)
FN:98,(anonymous_1210)
FN:98,yS
FN:98,(anonymous_1212)
FN:98,gS
FN:98,(anonymous_1214)
FN:98,(anonymous_1215)
FN:98,(anonymous_1216)
FN:98,(anonymous_1217)
FN:98,(anonymous_1218)
FN:98,(anonymous_1219)
FN:98,(anonymous_1220)
FN:98,(anonymous_1221)
FN:98,(anonymous_1222)
FN:98,(anonymous_1223)
FN:98,(anonymous_1224)
FN:98,(anonymous_1225)
FN:98,(anonymous_1226)
FN:98,(anonymous_1227)
FN:98,(anonymous_1228)
FN:98,(anonymous_1229)
FN:98,(anonymous_1230)
FN:98,(anonymous_1231)
FN:98,(anonymous_1232)
FN:98,(anonymous_1233)
FN:98,(anonymous_1234)
FN:98,(anonymous_1235)
FN:98,(anonymous_1236)
FN:98,(anonymous_1237)
FN:98,(anonymous_1238)
FN:98,(anonymous_1239)
FN:98,(anonymous_1240)
FN:98,(anonymous_1241)
FN:98,(anonymous_1242)
FN:98,(anonymous_1243)
FN:98,(anonymous_1244)
FN:98,(anonymous_1245)
FN:98,(anonymous_1246)
FN:98,SS
FN:98,Vu
FN:98,(anonymous_1249)
FN:98,(anonymous_1250)
FN:98,(anonymous_1251)
FN:98,(anonymous_1252)
FN:98,(anonymous_1253)
FN:98,(anonymous_1254)
FN:98,(anonymous_1255)
FN:98,(anonymous_1256)
FN:98,(anonymous_1257)
FN:98,(anonymous_1258)
FN:98,(anonymous_1259)
FN:98,(anonymous_1260)
FN:98,(anonymous_1261)
FN:98,kS
FN:98,_S
FN:98,(anonymous_1264)
FN:98,(anonymous_1265)
FN:98,(anonymous_1266)
FN:98,(anonymous_1267)
FN:98,(anonymous_1268)
FN:98,(anonymous_1269)
FN:98,(anonymous_1270)
FN:98,Re
FN:98,(anonymous_1272)
FN:98,(anonymous_1273)
FN:98,(anonymous_1274)
FN:98,(anonymous_1275)
FN:98,(anonymous_1276)
FN:98,NS
FN:98,(anonymous_1278)
FN:98,pc
FN:98,(anonymous_1280)
FN:98,ki
FN:98,RS
FN:98,Wu
FN:98,od
FN:98,TS
FN:98,(anonymous_1286)
FN:98,DS
FN:98,ld
FN:98,(anonymous_1289)
FN:98,Am
FN:98,(anonymous_1291)
FN:98,f
FN:98,d
FN:98,g
FN:98,(anonymous_1295)
FN:98,(anonymous_1296)
FN:98,(anonymous_1297)
FN:98,(anonymous_1298)
FN:98,(anonymous_1299)
FN:98,(anonymous_1300)
FN:98,(anonymous_1301)
FN:98,Bm
FN:98,(anonymous_1303)
FN:98,(anonymous_1304)
FN:98,(anonymous_1305)
FN:98,(anonymous_1306)
FN:98,(anonymous_1307)
FN:98,(anonymous_1308)
FN:98,(anonymous_1309)
FN:98,(anonymous_1310)
FN:98,(anonymous_1311)
FN:98,(anonymous_1312)
FN:98,_i
FN:98,(anonymous_1314)
FN:98,(anonymous_1315)
FN:98,(anonymous_1316)
FN:98,(anonymous_1317)
FN:98,(anonymous_1318)
FN:98,(anonymous_1319)
FN:98,(anonymous_1320)
FN:98,(anonymous_1321)
FN:98,(anonymous_1322)
FN:98,(anonymous_1323)
FN:98,(anonymous_1324)
FN:98,(anonymous_1325)
FN:98,(anonymous_1326)
FN:98,(anonymous_1327)
FN:98,(anonymous_1328)
FN:98,(anonymous_1329)
FN:98,(anonymous_1330)
FN:98,(anonymous_1331)
FN:98,(anonymous_1332)
FN:98,(anonymous_1333)
FN:98,(anonymous_1334)
FN:98,(anonymous_1335)
FN:98,(anonymous_1336)
FN:98,(anonymous_1337)
FN:98,(anonymous_1338)
FN:98,(anonymous_1339)
FN:98,(anonymous_1340)
FN:98,(anonymous_1341)
FN:98,(anonymous_1342)
FN:98,(anonymous_1343)
FN:98,(anonymous_1344)
FN:98,(anonymous_1345)
FN:98,(anonymous_1346)
FN:98,(anonymous_1347)
FN:98,(anonymous_1348)
FN:98,(anonymous_1349)
FN:98,(anonymous_1350)
FN:98,(anonymous_1351)
FN:98,(anonymous_1352)
FN:98,(anonymous_1353)
FN:98,(anonymous_1354)
FN:98,(anonymous_1355)
FN:98,(anonymous_1356)
FN:98,(anonymous_1357)
FN:98,(anonymous_1358)
FN:98,(anonymous_1359)
FN:98,(anonymous_1360)
FN:98,(anonymous_1361)
FN:98,(anonymous_1362)
FN:98,(anonymous_1363)
FN:98,(anonymous_1364)
FN:98,(anonymous_1365)
FN:98,(anonymous_1366)
FN:98,(anonymous_1367)
FN:98,(anonymous_1368)
FN:98,(anonymous_1369)
FN:98,(anonymous_1370)
FN:98,(anonymous_1371)
FN:98,(anonymous_1372)
FN:98,(anonymous_1373)
FN:98,(anonymous_1374)
FN:98,(anonymous_1375)
FN:98,(anonymous_1376)
FN:98,(anonymous_1377)
FN:98,(anonymous_1378)
FN:98,(anonymous_1379)
FN:98,(anonymous_1380)
FN:98,(anonymous_1381)
FN:98,Nr
FN:98,Wm
FN:98,tl
FN:98,dd
FN:98,(anonymous_1386)
FN:98,pd
FN:98,Rr
FN:98,(anonymous_1389)
FN:98,(anonymous_1390)
FN:98,(anonymous_1391)
FN:98,(anonymous_1392)
FN:98,(anonymous_1393)
FN:98,(anonymous_1394)
FN:98,(anonymous_1395)
FN:98,(anonymous_1396)
FN:98,(anonymous_1397)
FN:98,(anonymous_1398)
FN:98,(anonymous_1399)
FN:98,(anonymous_1400)
FN:98,(anonymous_1401)
FN:98,(anonymous_1402)
FN:98,(anonymous_1403)
FN:98,(anonymous_1404)
FN:98,(anonymous_1405)
FN:98,(anonymous_1406)
FN:98,(anonymous_1407)
FN:98,(anonymous_1408)
FN:98,(anonymous_1409)
FN:98,(anonymous_1410)
FN:98,(anonymous_1411)
FN:98,BS
FN:98,(anonymous_1413)
FN:98,(anonymous_1414)
FN:98,Qm
FN:98,(anonymous_1416)
FN:98,(anonymous_1417)
FN:98,(anonymous_1418)
FN:98,(anonymous_1419)
FN:98,(anonymous_1420)
FN:98,(anonymous_1421)
FN:98,VS
FN:98,(anonymous_1423)
FN:98,(anonymous_1424)
FN:98,WS
FN:98,(anonymous_1426)
FN:98,Hm
FN:98,Km
FN:98,(anonymous_1429)
FN:98,bm
FN:98,(anonymous_1431)
FN:98,(anonymous_1432)
FN:98,(anonymous_1433)
FN:98,(anonymous_1434)
FN:98,QS
FN:98,(anonymous_1436)
FN:98,(anonymous_1437)
FN:98,(anonymous_1438)
FN:98,(anonymous_1439)
FN:98,(anonymous_1440)
FN:98,(anonymous_1441)
FN:98,(anonymous_1442)
FN:98,(anonymous_1443)
FN:98,(anonymous_1444)
FN:98,(anonymous_1445)
FN:98,(anonymous_1446)
FN:98,(anonymous_1447)
FN:98,(anonymous_1448)
FN:98,(anonymous_1449)
FN:98,(anonymous_1450)
FN:98,(anonymous_1451)
FN:98,(anonymous_1452)
FN:98,(anonymous_1453)
FN:98,KS
FN:98,(anonymous_1455)
FN:98,(anonymous_1456)
FN:98,(anonymous_1457)
FN:98,(anonymous_1458)
FN:98,(anonymous_1459)
FN:98,(anonymous_1460)
FN:98,(anonymous_1461)
FN:98,(anonymous_1462)
FN:98,(anonymous_1463)
FN:98,(anonymous_1464)
FN:98,(anonymous_1465)
FN:98,(anonymous_1466)
FN:98,(anonymous_1467)
FN:98,(anonymous_1468)
FN:98,(anonymous_1469)
FN:98,(anonymous_1470)
FN:98,(anonymous_1471)
FN:98,(anonymous_1472)
FN:98,(anonymous_1473)
FN:98,(anonymous_1474)
FN:98,(anonymous_1475)
FN:98,(anonymous_1476)
FN:98,(anonymous_1477)
FN:98,(anonymous_1478)
FN:98,(anonymous_1479)
FN:98,GS
FN:98,(anonymous_1481)
FN:98,(anonymous_1482)
FN:98,(anonymous_1483)
FN:98,(anonymous_1484)
FN:98,(anonymous_1485)
FN:98,(anonymous_1486)
FN:98,(anonymous_1487)
FN:98,(anonymous_1488)
FN:98,(anonymous_1489)
FN:98,(anonymous_1490)
FN:98,(anonymous_1491)
FN:98,(anonymous_1492)
FN:98,(anonymous_1493)
FN:98,(anonymous_1494)
FN:98,XS
FN:98,hd
FN:98,Ms
FN:98,(anonymous_1498)
FN:98,(anonymous_1499)
FN:98,qS
FN:98,JS
FN:98,(anonymous_1502)
FN:98,(anonymous_1503)
FN:98,(anonymous_1504)
FN:98,(anonymous_1505)
FN:98,(anonymous_1506)
FN:98,(anonymous_1507)
FN:98,(anonymous_1508)
FN:98,(anonymous_1509)
FN:98,(anonymous_1510)
FN:98,(anonymous_1511)
FN:98,(anonymous_1512)
FN:98,(anonymous_1513)
FN:98,(anonymous_1514)
FN:98,(anonymous_1515)
FN:98,(anonymous_1516)
FN:98,(anonymous_1517)
FN:98,(anonymous_1518)
FN:98,(anonymous_1519)
FN:98,(anonymous_1520)
FN:98,(anonymous_1521)
FN:98,(anonymous_1522)
FN:98,(anonymous_1523)
FN:98,(anonymous_1524)
FN:98,(anonymous_1525)
FN:98,(anonymous_1526)
FN:98,(anonymous_1527)
FN:98,(anonymous_1528)
FN:98,(anonymous_1529)
FN:98,(anonymous_1530)
FN:98,(anonymous_1531)
FN:98,(anonymous_1532)
FN:98,(anonymous_1533)
FN:98,(anonymous_1534)
FN:98,(anonymous_1535)
FN:98,(anonymous_1536)
FN:98,(anonymous_1537)
FN:98,(anonymous_1538)
FN:98,(anonymous_1539)
FN:98,(anonymous_1540)
FN:98,(anonymous_1541)
FN:98,(anonymous_1542)
FN:98,(anonymous_1543)
FN:98,(anonymous_1544)
FN:98,(anonymous_1545)
FN:98,(anonymous_1546)
FN:98,(anonymous_1547)
FN:98,(anonymous_1548)
FN:98,(anonymous_1549)
FN:98,(anonymous_1550)
FN:98,(anonymous_1551)
FN:98,(anonymous_1552)
FN:98,(anonymous_1553)
FN:98,(anonymous_1554)
FN:98,(anonymous_1555)
FN:98,(anonymous_1556)
FN:98,(anonymous_1557)
FN:98,(anonymous_1558)
FN:98,(anonymous_1559)
FN:98,(anonymous_1560)
FN:98,(anonymous_1561)
FN:98,(anonymous_1562)
FN:98,(anonymous_1563)
FN:98,(anonymous_1564)
FN:98,(anonymous_1565)
FN:98,(anonymous_1566)
FN:98,(anonymous_1567)
FN:98,(anonymous_1568)
FN:98,(anonymous_1569)
FN:98,(anonymous_1570)
FN:98,(anonymous_1571)
FN:98,(anonymous_1572)
FN:98,(anonymous_1573)
FN:98,(anonymous_1574)
FN:98,(anonymous_1575)
FN:98,(anonymous_1576)
FN:98,(anonymous_1577)
FN:98,(anonymous_1578)
FN:98,(anonymous_1579)
FN:98,(anonymous_1580)
FNF:1581
FNH:0
FNDA:0,Ym
FNDA:0,(anonymous_1)
FNDA:0,(anonymous_2)
FNDA:0,(anonymous_3)
FNDA:0,n
FNDA:0,r
FNDA:0,Xm
FNDA:0,sy
FNDA:0,(anonymous_8)
FNDA:0,(anonymous_9)
FNDA:0,(anonymous_10)
FNDA:0,(anonymous_11)
FNDA:0,hr
FNDA:0,(anonymous_13)
FNDA:0,(anonymous_14)
FNDA:0,xd
FNDA:0,Gu
FNDA:0,Cd
FNDA:0,uy
FNDA:0,qu
FNDA:0,ay
FNDA:0,(anonymous_21)
FNDA:0,es
FNDA:0,io
FNDA:0,(anonymous_24)
FNDA:0,Mi
FNDA:0,(anonymous_26)
FNDA:0,cy
FNDA:0,(anonymous_28)
FNDA:0,(anonymous_29)
FNDA:0,(anonymous_30)
FNDA:0,(anonymous_31)
FNDA:0,(anonymous_32)
FNDA:0,(anonymous_33)
FNDA:0,(anonymous_34)
FNDA:0,(anonymous_35)
FNDA:0,(anonymous_36)
FNDA:0,(anonymous_37)
FNDA:0,(anonymous_38)
FNDA:0,(anonymous_39)
FNDA:0,(anonymous_40)
FNDA:0,(anonymous_41)
FNDA:0,(anonymous_42)
FNDA:0,(anonymous_43)
FNDA:0,(anonymous_44)
FNDA:0,(anonymous_45)
FNDA:0,(anonymous_46)
FNDA:0,(anonymous_47)
FNDA:0,(anonymous_48)
FNDA:0,(anonymous_49)
FNDA:0,(anonymous_50)
FNDA:0,(anonymous_51)
FNDA:0,(anonymous_52)
FNDA:0,(anonymous_53)
FNDA:0,(anonymous_54)
FNDA:0,(anonymous_55)
FNDA:0,(anonymous_56)
FNDA:0,(anonymous_57)
FNDA:0,(anonymous_58)
FNDA:0,(anonymous_59)
FNDA:0,(anonymous_60)
FNDA:0,Ed
FNDA:0,(anonymous_62)
FNDA:0,t
FNDA:0,n
FNDA:0,r
FNDA:0,i
FNDA:0,(anonymous_67)
FNDA:0,(anonymous_68)
FNDA:0,h
FNDA:0,S
FNDA:0,_
FNDA:0,Q
FNDA:0,we
FNDA:0,(anonymous_74)
FNDA:0,(anonymous_75)
FNDA:0,(anonymous_76)
FNDA:0,ie
FNDA:0,oe
FNDA:0,(anonymous_79)
FNDA:0,(anonymous_80)
FNDA:0,(anonymous_81)
FNDA:0,(anonymous_82)
FNDA:0,(anonymous_83)
FNDA:0,(anonymous_84)
FNDA:0,(anonymous_85)
FNDA:0,(anonymous_86)
FNDA:0,(anonymous_87)
FNDA:0,(anonymous_88)
FNDA:0,(anonymous_89)
FNDA:0,(anonymous_90)
FNDA:0,(anonymous_91)
FNDA:0,C
FNDA:0,Nn
FNDA:0,rr
FNDA:0,xy
FNDA:0,ky
FNDA:0,_y
FNDA:0,je
FNDA:0,(anonymous_99)
FNDA:0,(anonymous_100)
FNDA:0,(anonymous_101)
FNDA:0,(anonymous_102)
FNDA:0,(anonymous_103)
FNDA:0,(anonymous_104)
FNDA:0,(anonymous_105)
FNDA:0,(anonymous_106)
FNDA:0,(anonymous_107)
FNDA:0,Zu
FNDA:0,(anonymous_109)
FNDA:0,(anonymous_110)
FNDA:0,(anonymous_111)
FNDA:0,(anonymous_112)
FNDA:0,(anonymous_113)
FNDA:0,ea
FNDA:0,wr
FNDA:0,Tr
FNDA:0,rs
FNDA:0,(anonymous_118)
FNDA:0,(anonymous_119)
FNDA:0,Cy
FNDA:0,Bs
FNDA:0,Ey
FNDA:0,rn
FNDA:0,zd
FNDA:0,Py
FNDA:0,(anonymous_126)
FNDA:0,(anonymous_127)
FNDA:0,(anonymous_128)
FNDA:0,(anonymous_129)
FNDA:0,(anonymous_130)
FNDA:0,Fi
FNDA:0,Md
FNDA:0,So
FNDA:0,Vs
FNDA:0,kc
FNDA:0,Ld
FNDA:0,Ws
FNDA:0,_c
FNDA:0,Qs
FNDA:0,Yn
FNDA:0,Hs
FNDA:0,Cc
FNDA:0,Fd
FNDA:0,Ec
FNDA:0,$d
FNDA:0,Ks
FNDA:0,(anonymous_147)
FNDA:0,(anonymous_148)
FNDA:0,(anonymous_149)
FNDA:0,(anonymous_150)
FNDA:0,Xr
FNDA:0,(anonymous_152)
FNDA:0,(anonymous_153)
FNDA:0,Ud
FNDA:0,Bd
FNDA:0,bs
FNDA:0,Gs
FNDA:0,ia
FNDA:0,Pc
FNDA:0,Vd
FNDA:0,Wd
FNDA:0,Qd
FNDA:0,Hd
FNDA:0,Kd
FNDA:0,qr
FNDA:0,(anonymous_166)
FNDA:0,Ry
FNDA:0,(anonymous_168)
FNDA:0,Oy
FNDA:0,Iy
FNDA:0,Rn
FNDA:0,bd
FNDA:0,jc
FNDA:0,Dy
FNDA:0,Gd
FNDA:0,Yd
FNDA:0,$y
FNDA:0,By
FNDA:0,Ir
FNDA:0,Co
FNDA:0,Vy
FNDA:0,Wy
FNDA:0,Zs
FNDA:0,Zd
FNDA:0,os
FNDA:0,Ei
FNDA:0,Qy
FNDA:0,la
FNDA:0,ep
FNDA:0,Rc
FNDA:0,xr
FNDA:0,Ky
FNDA:0,op
FNDA:0,(anonymous_194)
FNDA:0,lo
FNDA:0,Tc
FNDA:0,by
FNDA:0,kr
FNDA:0,ei
FNDA:0,t
FNDA:0,Gy
FNDA:0,Yy
FNDA:0,ua
FNDA:0,tu
FNDA:0,lp
FNDA:0,sp
FNDA:0,uo
FNDA:0,Vi
FNDA:0,Oc
FNDA:0,He
FNDA:0,t
FNDA:0,(anonymous_212)
FNDA:0,(anonymous_213)
FNDA:0,(anonymous_214)
FNDA:0,(anonymous_215)
FNDA:0,(anonymous_216)
FNDA:0,(anonymous_217)
FNDA:0,(anonymous_218)
FNDA:0,(anonymous_219)
FNDA:0,uv
FNDA:0,fa
FNDA:0,(anonymous_222)
FNDA:0,(anonymous_223)
FNDA:0,(anonymous_224)
FNDA:0,(anonymous_225)
FNDA:0,(anonymous_226)
FNDA:0,(anonymous_227)
FNDA:0,ap
FNDA:0,cp
FNDA:0,Sv
FNDA:0,xv
FNDA:0,Fc
FNDA:0,fp
FNDA:0,_v
FNDA:0,ll
FNDA:0,Cv
FNDA:0,Ac
FNDA:0,pp
FNDA:0,Ev
FNDA:0,Pv
FNDA:0,jv
FNDA:0,Nv
FNDA:0,Rv
FNDA:0,ni
FNDA:0,Uc
FNDA:0,Bc
FNDA:0,hp
FNDA:0,mp
FNDA:0,pa
FNDA:0,Tv
FNDA:0,Vc
FNDA:0,Wi
FNDA:0,sl
FNDA:0,un
FNDA:0,Qc
FNDA:0,kp
FNDA:0,b
FNDA:0,hs
FNDA:0,ri
FNDA:0,(anonymous_260)
FNDA:0,_p
FNDA:0,ms
FNDA:0,(anonymous_263)
FNDA:0,ii
FNDA:0,jo
FNDA:0,zn
FNDA:0,Hc
FNDA:0,Kc
FNDA:0,Hi
FNDA:0,No
FNDA:0,lu
FNDA:0,(anonymous_272)
FNDA:0,Av
FNDA:0,(anonymous_274)
FNDA:0,ys
FNDA:0,Xt
FNDA:0,Gc
FNDA:0,yn
FNDA:0,ji
FNDA:0,Bn
FNDA:0,ul
FNDA:0,an
FNDA:0,G
FNDA:0,K
FNDA:0,ir
FNDA:0,De
FNDA:0,Ro
FNDA:0,Yc
FNDA:0,Cp
FNDA:0,To
FNDA:0,Xc
FNDA:0,Ep
FNDA:0,Vv
FNDA:0,cn
FNDA:0,pn
FNDA:0,Pp
FNDA:0,ha
FNDA:0,ma
FNDA:0,jp
FNDA:0,qc
FNDA:0,cu
FNDA:0,fu
FNDA:0,Jc
FNDA:0,Ki
FNDA:0,Np
FNDA:0,or
FNDA:0,ya
FNDA:0,it
FNDA:0,ga
FNDA:0,wa
FNDA:0,du
FNDA:0,Zn
FNDA:0,Ze
FNDA:0,Sa
FNDA:0,Rp
FNDA:0,Ot
FNDA:0,xa
FNDA:0,Tp
FNDA:0,Nt
FNDA:0,qt
FNDA:0,ao
FNDA:0,Zc
FNDA:0,Mo
FNDA:0,ef
FNDA:0,pu
FNDA:0,(anonymous_326)
FNDA:0,(anonymous_327)
FNDA:0,(anonymous_328)
FNDA:0,(anonymous_329)
FNDA:0,tf
FNDA:0,Ip
FNDA:0,nf
FNDA:0,hu
FNDA:0,Cr
FNDA:0,(anonymous_335)
FNDA:0,bi
FNDA:0,rf
FNDA:0,Dp
FNDA:0,t
FNDA:0,n
FNDA:0,r
FNDA:0,i
FNDA:0,o
FNDA:0,l
FNDA:0,s
FNDA:0,u
FNDA:0,a
FNDA:0,c
FNDA:0,f
FNDA:0,d
FNDA:0,g
FNDA:0,v
FNDA:0,(anonymous_353)
FNDA:0,w
FNDA:0,(anonymous_355)
FNDA:0,x
FNDA:0,gn
FNDA:0,ka
FNDA:0,sr
FNDA:0,Mp
FNDA:0,_a
FNDA:0,Lo
FNDA:0,Ca
FNDA:0,me
FNDA:0,Ea
FNDA:0,Pa
FNDA:0,ja
FNDA:0,yt
FNDA:0,et
FNDA:0,ai
FNDA:0,Ss
FNDA:0,xs
FNDA:0,Lp
FNDA:0,Fp
FNDA:0,$p
FNDA:0,Ap
FNDA:0,Up
FNDA:0,(anonymous_378)
FNDA:0,Bp
FNDA:0,Vp
FNDA:0,of
FNDA:0,ci
FNDA:0,Wp
FNDA:0,fo
FNDA:0,fl
FNDA:0,lf
FNDA:0,Na
FNDA:0,Qp
FNDA:0,Hp
FNDA:0,Kp
FNDA:0,(anonymous_391)
FNDA:0,(anonymous_392)
FNDA:0,bp
FNDA:0,Ra
FNDA:0,Gp
FNDA:0,Yp
FNDA:0,Xp
FNDA:0,Hv
FNDA:0,qp
FNDA:0,Kv
FNDA:0,bv
FNDA:0,Jp
FNDA:0,Zp
FNDA:0,eh
FNDA:0,(anonymous_405)
FNDA:0,(anonymous_406)
FNDA:0,(anonymous_407)
FNDA:0,(anonymous_408)
FNDA:0,(anonymous_409)
FNDA:0,(anonymous_410)
FNDA:0,(anonymous_411)
FNDA:0,(anonymous_412)
FNDA:0,(anonymous_413)
FNDA:0,(anonymous_414)
FNDA:0,(anonymous_415)
FNDA:0,(anonymous_416)
FNDA:0,(anonymous_417)
FNDA:0,(anonymous_418)
FNDA:0,(anonymous_419)
FNDA:0,(anonymous_420)
FNDA:0,(anonymous_421)
FNDA:0,(anonymous_422)
FNDA:0,ur
FNDA:0,ks
FNDA:0,mu
FNDA:0,(anonymous_426)
FNDA:0,th
FNDA:0,(anonymous_428)
FNDA:0,nh
FNDA:0,(anonymous_430)
FNDA:0,(anonymous_431)
FNDA:0,(anonymous_432)
FNDA:0,sf
FNDA:0,uf
FNDA:0,af
FNDA:0,_e
FNDA:0,cf
FNDA:0,ff
FNDA:0,rh
FNDA:0,ih
FNDA:0,oh
FNDA:0,yu
FNDA:0,df
FNDA:0,vu
FNDA:0,lh
FNDA:0,pf
FNDA:0,wu
FNDA:0,sh
FNDA:0,Ta
FNDA:0,Gi
FNDA:0,Zv
FNDA:0,hf
FNDA:0,_s
FNDA:0,uh
FNDA:0,po
FNDA:0,It
FNDA:0,eg
FNDA:0,(anonymous_458)
FNDA:0,(anonymous_459)
FNDA:0,(anonymous_460)
FNDA:0,(anonymous_461)
FNDA:0,Er
FNDA:0,ye
FNDA:0,tg
FNDA:0,ng
FNDA:0,Kn
FNDA:0,xu
FNDA:0,ig
FNDA:0,Vr
FNDA:0,dl
FNDA:0,ku
FNDA:0,dh
FNDA:0,ph
FNDA:0,yf
FNDA:0,_u
FNDA:0,Cu
FNDA:0,Lt
FNDA:0,hh
FNDA:0,vf
FNDA:0,(anonymous_480)
FNDA:0,rt
FNDA:0,mh
FNDA:0,mt
FNDA:0,og
FNDA:0,yh
FNDA:0,gf
FNDA:0,wf
FNDA:0,Sf
FNDA:0,Ee
FNDA:0,Zt
FNDA:0,ft
FNDA:0,ze
FNDA:0,(anonymous_493)
FNDA:0,vh
FNDA:0,ju
FNDA:0,Nu
FNDA:0,sg
FNDA:0,Bt
FNDA:0,xf
FNDA:0,za
FNDA:0,En
FNDA:0,Ma
FNDA:0,wn
FNDA:0,gh
FNDA:0,wh
FNDA:0,La
FNDA:0,Vo
FNDA:0,ug
FNDA:0,ag
FNDA:0,Sh
FNDA:0,xh
FNDA:0,hn
FNDA:0,cg
FNDA:0,(anonymous_514)
FNDA:0,er
FNDA:0,kf
FNDA:0,ee
FNDA:0,fg
FNDA:0,kh
FNDA:0,dg
FNDA:0,pg
FNDA:0,(anonymous_522)
FNDA:0,Ch
FNDA:0,hg
FNDA:0,qe
FNDA:0,Fa
FNDA:0,mg
FNDA:0,en
FNDA:0,yo
FNDA:0,Sn
FNDA:0,hl
FNDA:0,Cs
FNDA:0,Es
FNDA:0,yg
FNDA:0,$a
FNDA:0,vg
FNDA:0,Eh
FNDA:0,Ph
FNDA:0,ml
FNDA:0,Wo
FNDA:0,_f
FNDA:0,Aa
FNDA:0,gg
FNDA:0,(anonymous_544)
FNDA:0,Ua
FNDA:0,(anonymous_546)
FNDA:0,(anonymous_547)
FNDA:0,(anonymous_548)
FNDA:0,yl
FNDA:0,(anonymous_550)
FNDA:0,Ba
FNDA:0,vl
FNDA:0,Cf
FNDA:0,wg
FNDA:0,(anonymous_555)
FNDA:0,(anonymous_556)
FNDA:0,(anonymous_557)
FNDA:0,gl
FNDA:0,(anonymous_559)
FNDA:0,(anonymous_560)
FNDA:0,(anonymous_561)
FNDA:0,(anonymous_562)
FNDA:0,(anonymous_563)
FNDA:0,(anonymous_564)
FNDA:0,(anonymous_565)
FNDA:0,(anonymous_566)
FNDA:0,(anonymous_567)
FNDA:0,(anonymous_568)
FNDA:0,(anonymous_569)
FNDA:0,(anonymous_570)
FNDA:0,(anonymous_571)
FNDA:0,(anonymous_572)
FNDA:0,(anonymous_573)
FNDA:0,(anonymous_574)
FNDA:0,(anonymous_575)
FNDA:0,(anonymous_576)
FNDA:0,(anonymous_577)
FNDA:0,(anonymous_578)
FNDA:0,Nh
FNDA:0,kg
FNDA:0,Ng
FNDA:0,(anonymous_582)
FNDA:0,(anonymous_583)
FNDA:0,(anonymous_584)
FNDA:0,Ps
FNDA:0,Rg
FNDA:0,Dg
FNDA:0,(anonymous_588)
FNDA:0,(anonymous_589)
FNDA:0,u
FNDA:0,(anonymous_591)
FNDA:0,(anonymous_592)
FNDA:0,(anonymous_593)
FNDA:0,Bg
FNDA:0,(anonymous_595)
FNDA:0,(anonymous_596)
FNDA:0,Qg
FNDA:0,Wa
FNDA:0,(anonymous_599)
FNDA:0,(anonymous_600)
FNDA:0,(anonymous_601)
FNDA:0,(anonymous_602)
FNDA:0,Gg
FNDA:0,(anonymous_604)
FNDA:0,(anonymous_605)
FNDA:0,Ke
FNDA:0,$h
FNDA:0,(anonymous_608)
FNDA:0,(anonymous_609)
FNDA:0,(anonymous_610)
FNDA:0,(anonymous_611)
FNDA:0,(anonymous_612)
FNDA:0,(anonymous_613)
FNDA:0,(anonymous_614)
FNDA:0,(anonymous_615)
FNDA:0,(anonymous_616)
FNDA:0,(anonymous_617)
FNDA:0,(anonymous_618)
FNDA:0,(anonymous_619)
FNDA:0,(anonymous_620)
FNDA:0,tt
FNDA:0,(anonymous_622)
FNDA:0,(anonymous_623)
FNDA:0,(anonymous_624)
FNDA:0,(anonymous_625)
FNDA:0,(anonymous_626)
FNDA:0,(anonymous_627)
FNDA:0,(anonymous_628)
FNDA:0,(anonymous_629)
FNDA:0,(anonymous_630)
FNDA:0,(anonymous_631)
FNDA:0,(anonymous_632)
FNDA:0,(anonymous_633)
FNDA:0,(anonymous_634)
FNDA:0,(anonymous_635)
FNDA:0,(anonymous_636)
FNDA:0,o0
FNDA:0,(anonymous_638)
FNDA:0,(anonymous_639)
FNDA:0,(anonymous_640)
FNDA:0,(anonymous_641)
FNDA:0,(anonymous_642)
FNDA:0,(anonymous_643)
FNDA:0,(anonymous_644)
FNDA:0,(anonymous_645)
FNDA:0,l0
FNDA:0,l
FNDA:0,(anonymous_648)
FNDA:0,s
FNDA:0,u
FNDA:0,a
FNDA:0,c
FNDA:0,f
FNDA:0,d
FNDA:0,g
FNDA:0,(anonymous_656)
FNDA:0,a0
FNDA:0,(anonymous_658)
FNDA:0,(anonymous_659)
FNDA:0,(anonymous_660)
FNDA:0,(anonymous_661)
FNDA:0,(anonymous_662)
FNDA:0,Vh
FNDA:0,(anonymous_664)
FNDA:0,f0
FNDA:0,(anonymous_666)
FNDA:0,fe
FNDA:0,(anonymous_668)
FNDA:0,(anonymous_669)
FNDA:0,Ya
FNDA:0,Wh
FNDA:0,a
FNDA:0,(anonymous_673)
FNDA:0,c
FNDA:0,f
FNDA:0,(anonymous_676)
FNDA:0,d
FNDA:0,(anonymous_678)
FNDA:0,g
FNDA:0,v
FNDA:0,(anonymous_681)
FNDA:0,p
FNDA:0,(anonymous_683)
FNDA:0,h0
FNDA:0,(anonymous_685)
FNDA:0,m0
FNDA:0,(anonymous_687)
FNDA:0,Ho
FNDA:0,(anonymous_689)
FNDA:0,(anonymous_690)
FNDA:0,(anonymous_691)
FNDA:0,y0
FNDA:0,(anonymous_693)
FNDA:0,(anonymous_694)
FNDA:0,(anonymous_695)
FNDA:0,(anonymous_696)
FNDA:0,(anonymous_697)
FNDA:0,v0
FNDA:0,ut
FNDA:0,sn
FNDA:0,zt
FNDA:0,Hh
FNDA:0,Ko
FNDA:0,(anonymous_704)
FNDA:0,(anonymous_705)
FNDA:0,Ul
FNDA:0,Ru
FNDA:0,Kh
FNDA:0,w0
FNDA:0,Bl
FNDA:0,Vl
FNDA:0,mn
FNDA:0,Tu
FNDA:0,Xa
FNDA:0,(anonymous_715)
FNDA:0,S0
FNDA:0,Wl
FNDA:0,Pn
FNDA:0,bh
FNDA:0,k0
FNDA:0,Of
FNDA:0,Ou
FNDA:0,Iu
FNDA:0,If
FNDA:0,_0
FNDA:0,Df
FNDA:0,bo
FNDA:0,(anonymous_728)
FNDA:0,(anonymous_729)
FNDA:0,zf
FNDA:0,Go
FNDA:0,C0
FNDA:0,(anonymous_733)
FNDA:0,(anonymous_734)
FNDA:0,(anonymous_735)
FNDA:0,(anonymous_736)
FNDA:0,(anonymous_737)
FNDA:0,(anonymous_738)
FNDA:0,(anonymous_739)
FNDA:0,(anonymous_740)
FNDA:0,(anonymous_741)
FNDA:0,(anonymous_742)
FNDA:0,(anonymous_743)
FNDA:0,(anonymous_744)
FNDA:0,(anonymous_745)
FNDA:0,Ns
FNDA:0,E0
FNDA:0,Gh
FNDA:0,Du
FNDA:0,Rs
FNDA:0,(anonymous_751)
FNDA:0,(anonymous_752)
FNDA:0,(anonymous_753)
FNDA:0,(anonymous_754)
FNDA:0,(anonymous_755)
FNDA:0,(anonymous_756)
FNDA:0,(anonymous_757)
FNDA:0,(anonymous_758)
FNDA:0,(anonymous_759)
FNDA:0,(anonymous_760)
FNDA:0,(anonymous_761)
FNDA:0,(anonymous_762)
FNDA:0,(anonymous_763)
FNDA:0,(anonymous_764)
FNDA:0,zu
FNDA:0,Yh
FNDA:0,Xh
FNDA:0,(anonymous_768)
FNDA:0,j0
FNDA:0,N0
FNDA:0,R0
FNDA:0,(anonymous_772)
FNDA:0,(anonymous_773)
FNDA:0,(anonymous_774)
FNDA:0,T0
FNDA:0,O0
FNDA:0,(anonymous_777)
FNDA:0,(anonymous_778)
FNDA:0,Ji
FNDA:0,Ja
FNDA:0,l
FNDA:0,(anonymous_782)
FNDA:0,(anonymous_783)
FNDA:0,(anonymous_784)
FNDA:0,Jh
FNDA:0,(anonymous_786)
FNDA:0,(anonymous_787)
FNDA:0,(anonymous_788)
FNDA:0,(anonymous_789)
FNDA:0,(anonymous_790)
FNDA:0,(anonymous_791)
FNDA:0,(anonymous_792)
FNDA:0,(anonymous_793)
FNDA:0,(anonymous_794)
FNDA:0,(anonymous_795)
FNDA:0,(anonymous_796)
FNDA:0,(anonymous_797)
FNDA:0,(anonymous_798)
FNDA:0,(anonymous_799)
FNDA:0,Zh
FNDA:0,(anonymous_801)
FNDA:0,(anonymous_802)
FNDA:0,(anonymous_803)
FNDA:0,(anonymous_804)
FNDA:0,(anonymous_805)
FNDA:0,(anonymous_806)
FNDA:0,(anonymous_807)
FNDA:0,(anonymous_808)
FNDA:0,dr
FNDA:0,n
FNDA:0,(anonymous_811)
FNDA:0,(anonymous_812)
FNDA:0,(anonymous_813)
FNDA:0,(anonymous_814)
FNDA:0,(anonymous_815)
FNDA:0,(anonymous_816)
FNDA:0,Ff
FNDA:0,(anonymous_818)
FNDA:0,$f
FNDA:0,B0
FNDA:0,(anonymous_821)
FNDA:0,(anonymous_822)
FNDA:0,(anonymous_823)
FNDA:0,(anonymous_824)
FNDA:0,(anonymous_825)
FNDA:0,(anonymous_826)
FNDA:0,(anonymous_827)
FNDA:0,(anonymous_828)
FNDA:0,(anonymous_829)
FNDA:0,(anonymous_830)
FNDA:0,(anonymous_831)
FNDA:0,(anonymous_832)
FNDA:0,(anonymous_833)
FNDA:0,(anonymous_834)
FNDA:0,(anonymous_835)
FNDA:0,G0
FNDA:0,nm
FNDA:0,(anonymous_838)
FNDA:0,(anonymous_839)
FNDA:0,(anonymous_840)
FNDA:0,Y0
FNDA:0,X0
FNDA:0,(anonymous_843)
FNDA:0,(anonymous_844)
FNDA:0,l
FNDA:0,(anonymous_846)
FNDA:0,(anonymous_847)
FNDA:0,(anonymous_848)
FNDA:0,(anonymous_849)
FNDA:0,(anonymous_850)
FNDA:0,(anonymous_851)
FNDA:0,e1
FNDA:0,t1
FNDA:0,(anonymous_854)
FNDA:0,(anonymous_855)
FNDA:0,(anonymous_856)
FNDA:0,(anonymous_857)
FNDA:0,(anonymous_858)
FNDA:0,(anonymous_859)
FNDA:0,f
FNDA:0,(anonymous_861)
FNDA:0,(anonymous_862)
FNDA:0,w
FNDA:0,x
FNDA:0,m
FNDA:0,_
FNDA:0,N
FNDA:0,(anonymous_868)
FNDA:0,(anonymous_869)
FNDA:0,(anonymous_870)
FNDA:0,(anonymous_871)
FNDA:0,n1
FNDA:0,i
FNDA:0,r1
FNDA:0,e
FNDA:0,(anonymous_876)
FNDA:0,(anonymous_877)
FNDA:0,(anonymous_878)
FNDA:0,(anonymous_879)
FNDA:0,i1
FNDA:0,o1
FNDA:0,l1
FNDA:0,s1
FNDA:0,Zi
FNDA:0,(anonymous_885)
FNDA:0,(anonymous_886)
FNDA:0,(anonymous_887)
FNDA:0,(anonymous_888)
FNDA:0,(anonymous_889)
FNDA:0,(anonymous_890)
FNDA:0,(anonymous_891)
FNDA:0,Me
FNDA:0,hi
FNDA:0,(anonymous_894)
FNDA:0,(anonymous_895)
FNDA:0,p1
FNDA:0,t
FNDA:0,n
FNDA:0,re
FNDA:0,im
FNDA:0,h1
FNDA:0,Uf
FNDA:0,Mu
FNDA:0,Yo
FNDA:0,vr
FNDA:0,m1
FNDA:0,c
FNDA:0,f
FNDA:0,d
FNDA:0,g
FNDA:0,v
FNDA:0,(anonymous_912)
FNDA:0,(anonymous_913)
FNDA:0,(anonymous_914)
FNDA:0,(anonymous_915)
FNDA:0,(anonymous_916)
FNDA:0,(anonymous_917)
FNDA:0,(anonymous_918)
FNDA:0,(anonymous_919)
FNDA:0,y1
FNDA:0,om
FNDA:0,(anonymous_922)
FNDA:0,(anonymous_923)
FNDA:0,lm
FNDA:0,(anonymous_925)
FNDA:0,(anonymous_926)
FNDA:0,v1
FNDA:0,(anonymous_928)
FNDA:0,(anonymous_929)
FNDA:0,(anonymous_930)
FNDA:0,(anonymous_931)
FNDA:0,C1
FNDA:0,(anonymous_933)
FNDA:0,(anonymous_934)
FNDA:0,E1
FNDA:0,(anonymous_936)
FNDA:0,P1
FNDA:0,j1
FNDA:0,(anonymous_939)
FNDA:0,N1
FNDA:0,(anonymous_941)
FNDA:0,R1
FNDA:0,(anonymous_943)
FNDA:0,ec
FNDA:0,T1
FNDA:0,O1
FNDA:0,(anonymous_947)
FNDA:0,Ts
FNDA:0,I1
FNDA:0,(anonymous_950)
FNDA:0,sm
FNDA:0,(anonymous_952)
FNDA:0,(anonymous_953)
FNDA:0,um
FNDA:0,(anonymous_955)
FNDA:0,(anonymous_956)
FNDA:0,(anonymous_957)
FNDA:0,(anonymous_958)
FNDA:0,L1
FNDA:0,mi
FNDA:0,(anonymous_961)
FNDA:0,A1
FNDA:0,Ri
FNDA:0,Ti
FNDA:0,fm
FNDA:0,nt
FNDA:0,U1
FNDA:0,(anonymous_968)
FNDA:0,(anonymous_969)
FNDA:0,V1
FNDA:0,dm
FNDA:0,(anonymous_972)
FNDA:0,W1
FNDA:0,Q1
FNDA:0,(anonymous_975)
FNDA:0,H1
FNDA:0,(anonymous_977)
FNDA:0,(anonymous_978)
FNDA:0,(anonymous_979)
FNDA:0,(anonymous_980)
FNDA:0,(anonymous_981)
FNDA:0,G1
FNDA:0,Y1
FNDA:0,(anonymous_984)
FNDA:0,(anonymous_985)
FNDA:0,(anonymous_986)
FNDA:0,(anonymous_987)
FNDA:0,(anonymous_988)
FNDA:0,X1
FNDA:0,q1
FNDA:0,J1
FNDA:0,hm
FNDA:0,Z1
FNDA:0,ew
FNDA:0,(anonymous_995)
FNDA:0,(anonymous_996)
FNDA:0,tw
FNDA:0,mm
FNDA:0,ke
FNDA:0,nw
FNDA:0,(anonymous_1001)
FNDA:0,(anonymous_1002)
FNDA:0,rw
FNDA:0,(anonymous_1004)
FNDA:0,Lu
FNDA:0,(anonymous_1006)
FNDA:0,Fu
FNDA:0,(anonymous_1008)
FNDA:0,iw
FNDA:0,ow
FNDA:0,lw
FNDA:0,cw
FNDA:0,(anonymous_1013)
FNDA:0,(anonymous_1014)
FNDA:0,(anonymous_1015)
FNDA:0,(anonymous_1016)
FNDA:0,p
FNDA:0,(anonymous_1018)
FNDA:0,(anonymous_1019)
FNDA:0,pw
FNDA:0,(anonymous_1021)
FNDA:0,(anonymous_1022)
FNDA:0,(anonymous_1023)
FNDA:0,(anonymous_1024)
FNDA:0,(anonymous_1025)
FNDA:0,(anonymous_1026)
FNDA:0,(anonymous_1027)
FNDA:0,(anonymous_1028)
FNDA:0,(anonymous_1029)
FNDA:0,Rw
FNDA:0,(anonymous_1031)
FNDA:0,t
FNDA:0,n
FNDA:0,r
FNDA:0,i
FNDA:0,o
FNDA:0,eo
FNDA:0,(anonymous_1038)
FNDA:0,(anonymous_1039)
FNDA:0,$u
FNDA:0,n
FNDA:0,r
FNDA:0,(anonymous_1043)
FNDA:0,(anonymous_1044)
FNDA:0,(anonymous_1045)
FNDA:0,(anonymous_1046)
FNDA:0,(anonymous_1047)
FNDA:0,(anonymous_1048)
FNDA:0,(anonymous_1049)
FNDA:0,(anonymous_1050)
FNDA:0,(anonymous_1051)
FNDA:0,(anonymous_1052)
FNDA:0,t
FNDA:0,(anonymous_1054)
FNDA:0,(anonymous_1055)
FNDA:0,(anonymous_1056)
FNDA:0,(anonymous_1057)
FNDA:0,(anonymous_1058)
FNDA:0,(anonymous_1059)
FNDA:0,(anonymous_1060)
FNDA:0,(anonymous_1061)
FNDA:0,(anonymous_1062)
FNDA:0,(anonymous_1063)
FNDA:0,(anonymous_1064)
FNDA:0,(anonymous_1065)
FNDA:0,(anonymous_1066)
FNDA:0,(anonymous_1067)
FNDA:0,(anonymous_1068)
FNDA:0,(anonymous_1069)
FNDA:0,(anonymous_1070)
FNDA:0,(anonymous_1071)
FNDA:0,(anonymous_1072)
FNDA:0,(anonymous_1073)
FNDA:0,(anonymous_1074)
FNDA:0,(anonymous_1075)
FNDA:0,(anonymous_1076)
FNDA:0,(anonymous_1077)
FNDA:0,(anonymous_1078)
FNDA:0,n
FNDA:0,r
FNDA:0,(anonymous_1081)
FNDA:0,(anonymous_1082)
FNDA:0,(anonymous_1083)
FNDA:0,(anonymous_1084)
FNDA:0,(anonymous_1085)
FNDA:0,(anonymous_1086)
FNDA:0,Oi
FNDA:0,Sm
FNDA:0,$w
FNDA:0,xm
FNDA:0,km
FNDA:0,(anonymous_1092)
FNDA:0,Ii
FNDA:0,(anonymous_1094)
FNDA:0,(anonymous_1095)
FNDA:0,(anonymous_1096)
FNDA:0,(anonymous_1097)
FNDA:0,_m
FNDA:0,(anonymous_1099)
FNDA:0,Uu
FNDA:0,(anonymous_1101)
FNDA:0,(anonymous_1102)
FNDA:0,(anonymous_1103)
FNDA:0,(anonymous_1104)
FNDA:0,(anonymous_1105)
FNDA:0,(anonymous_1106)
FNDA:0,Ct
FNDA:0,(anonymous_1108)
FNDA:0,kt
FNDA:0,(anonymous_1110)
FNDA:0,Hr
FNDA:0,(anonymous_1112)
FNDA:0,(anonymous_1113)
FNDA:0,(anonymous_1114)
FNDA:0,(anonymous_1115)
FNDA:0,(anonymous_1116)
FNDA:0,(anonymous_1117)
FNDA:0,(anonymous_1118)
FNDA:0,(anonymous_1119)
FNDA:0,(anonymous_1120)
FNDA:0,Bw
FNDA:0,Pm
FNDA:0,jm
FNDA:0,(anonymous_1124)
FNDA:0,Bu
FNDA:0,Vw
FNDA:0,(anonymous_1127)
FNDA:0,bl
FNDA:0,Zw
FNDA:0,Is
FNDA:0,bf
FNDA:0,Mn
FNDA:0,Gf
FNDA:0,Yf
FNDA:0,to
FNDA:0,Xf
FNDA:0,(anonymous_1137)
FNDA:0,(anonymous_1138)
FNDA:0,(anonymous_1139)
FNDA:0,eS
FNDA:0,tS
FNDA:0,(anonymous_1142)
FNDA:0,(anonymous_1143)
FNDA:0,(anonymous_1144)
FNDA:0,(anonymous_1145)
FNDA:0,(anonymous_1146)
FNDA:0,(anonymous_1147)
FNDA:0,(anonymous_1148)
FNDA:0,(anonymous_1149)
FNDA:0,(anonymous_1150)
FNDA:0,(anonymous_1151)
FNDA:0,(anonymous_1152)
FNDA:0,(anonymous_1153)
FNDA:0,(anonymous_1154)
FNDA:0,(anonymous_1155)
FNDA:0,(anonymous_1156)
FNDA:0,(anonymous_1157)
FNDA:0,(anonymous_1158)
FNDA:0,(anonymous_1159)
FNDA:0,(anonymous_1160)
FNDA:0,(anonymous_1161)
FNDA:0,(anonymous_1162)
FNDA:0,(anonymous_1163)
FNDA:0,(anonymous_1164)
FNDA:0,(anonymous_1165)
FNDA:0,(anonymous_1166)
FNDA:0,(anonymous_1167)
FNDA:0,(anonymous_1168)
FNDA:0,(anonymous_1169)
FNDA:0,(anonymous_1170)
FNDA:0,(anonymous_1171)
FNDA:0,(anonymous_1172)
FNDA:0,(anonymous_1173)
FNDA:0,(anonymous_1174)
FNDA:0,(anonymous_1175)
FNDA:0,(anonymous_1176)
FNDA:0,(anonymous_1177)
FNDA:0,iS
FNDA:0,gi
FNDA:0,(anonymous_1180)
FNDA:0,(anonymous_1181)
FNDA:0,(anonymous_1182)
FNDA:0,gr
FNDA:0,wi
FNDA:0,(anonymous_1185)
FNDA:0,(anonymous_1186)
FNDA:0,(anonymous_1187)
FNDA:0,(anonymous_1188)
FNDA:0,(anonymous_1189)
FNDA:0,(anonymous_1190)
FNDA:0,(anonymous_1191)
FNDA:0,(anonymous_1192)
FNDA:0,(anonymous_1193)
FNDA:0,(anonymous_1194)
FNDA:0,(anonymous_1195)
FNDA:0,(anonymous_1196)
FNDA:0,(anonymous_1197)
FNDA:0,(anonymous_1198)
FNDA:0,(anonymous_1199)
FNDA:0,fS
FNDA:0,pS
FNDA:0,Yl
FNDA:0,(anonymous_1203)
FNDA:0,(anonymous_1204)
FNDA:0,(anonymous_1205)
FNDA:0,Dm
FNDA:0,(anonymous_1207)
FNDA:0,mS
FNDA:0,(anonymous_1209)
FNDA:0,(anonymous_1210)
FNDA:0,yS
FNDA:0,(anonymous_1212)
FNDA:0,gS
FNDA:0,(anonymous_1214)
FNDA:0,(anonymous_1215)
FNDA:0,(anonymous_1216)
FNDA:0,(anonymous_1217)
FNDA:0,(anonymous_1218)
FNDA:0,(anonymous_1219)
FNDA:0,(anonymous_1220)
FNDA:0,(anonymous_1221)
FNDA:0,(anonymous_1222)
FNDA:0,(anonymous_1223)
FNDA:0,(anonymous_1224)
FNDA:0,(anonymous_1225)
FNDA:0,(anonymous_1226)
FNDA:0,(anonymous_1227)
FNDA:0,(anonymous_1228)
FNDA:0,(anonymous_1229)
FNDA:0,(anonymous_1230)
FNDA:0,(anonymous_1231)
FNDA:0,(anonymous_1232)
FNDA:0,(anonymous_1233)
FNDA:0,(anonymous_1234)
FNDA:0,(anonymous_1235)
FNDA:0,(anonymous_1236)
FNDA:0,(anonymous_1237)
FNDA:0,(anonymous_1238)
FNDA:0,(anonymous_1239)
FNDA:0,(anonymous_1240)
FNDA:0,(anonymous_1241)
FNDA:0,(anonymous_1242)
FNDA:0,(anonymous_1243)
FNDA:0,(anonymous_1244)
FNDA:0,(anonymous_1245)
FNDA:0,(anonymous_1246)
FNDA:0,SS
FNDA:0,Vu
FNDA:0,(anonymous_1249)
FNDA:0,(anonymous_1250)
FNDA:0,(anonymous_1251)
FNDA:0,(anonymous_1252)
FNDA:0,(anonymous_1253)
FNDA:0,(anonymous_1254)
FNDA:0,(anonymous_1255)
FNDA:0,(anonymous_1256)
FNDA:0,(anonymous_1257)
FNDA:0,(anonymous_1258)
FNDA:0,(anonymous_1259)
FNDA:0,(anonymous_1260)
FNDA:0,(anonymous_1261)
FNDA:0,kS
FNDA:0,_S
FNDA:0,(anonymous_1264)
FNDA:0,(anonymous_1265)
FNDA:0,(anonymous_1266)
FNDA:0,(anonymous_1267)
FNDA:0,(anonymous_1268)
FNDA:0,(anonymous_1269)
FNDA:0,(anonymous_1270)
FNDA:0,Re
FNDA:0,(anonymous_1272)
FNDA:0,(anonymous_1273)
FNDA:0,(anonymous_1274)
FNDA:0,(anonymous_1275)
FNDA:0,(anonymous_1276)
FNDA:0,NS
FNDA:0,(anonymous_1278)
FNDA:0,pc
FNDA:0,(anonymous_1280)
FNDA:0,ki
FNDA:0,RS
FNDA:0,Wu
FNDA:0,od
FNDA:0,TS
FNDA:0,(anonymous_1286)
FNDA:0,DS
FNDA:0,ld
FNDA:0,(anonymous_1289)
FNDA:0,Am
FNDA:0,(anonymous_1291)
FNDA:0,f
FNDA:0,d
FNDA:0,g
FNDA:0,(anonymous_1295)
FNDA:0,(anonymous_1296)
FNDA:0,(anonymous_1297)
FNDA:0,(anonymous_1298)
FNDA:0,(anonymous_1299)
FNDA:0,(anonymous_1300)
FNDA:0,(anonymous_1301)
FNDA:0,Bm
FNDA:0,(anonymous_1303)
FNDA:0,(anonymous_1304)
FNDA:0,(anonymous_1305)
FNDA:0,(anonymous_1306)
FNDA:0,(anonymous_1307)
FNDA:0,(anonymous_1308)
FNDA:0,(anonymous_1309)
FNDA:0,(anonymous_1310)
FNDA:0,(anonymous_1311)
FNDA:0,(anonymous_1312)
FNDA:0,_i
FNDA:0,(anonymous_1314)
FNDA:0,(anonymous_1315)
FNDA:0,(anonymous_1316)
FNDA:0,(anonymous_1317)
FNDA:0,(anonymous_1318)
FNDA:0,(anonymous_1319)
FNDA:0,(anonymous_1320)
FNDA:0,(anonymous_1321)
FNDA:0,(anonymous_1322)
FNDA:0,(anonymous_1323)
FNDA:0,(anonymous_1324)
FNDA:0,(anonymous_1325)
FNDA:0,(anonymous_1326)
FNDA:0,(anonymous_1327)
FNDA:0,(anonymous_1328)
FNDA:0,(anonymous_1329)
FNDA:0,(anonymous_1330)
FNDA:0,(anonymous_1331)
FNDA:0,(anonymous_1332)
FNDA:0,(anonymous_1333)
FNDA:0,(anonymous_1334)
FNDA:0,(anonymous_1335)
FNDA:0,(anonymous_1336)
FNDA:0,(anonymous_1337)
FNDA:0,(anonymous_1338)
FNDA:0,(anonymous_1339)
FNDA:0,(anonymous_1340)
FNDA:0,(anonymous_1341)
FNDA:0,(anonymous_1342)
FNDA:0,(anonymous_1343)
FNDA:0,(anonymous_1344)
FNDA:0,(anonymous_1345)
FNDA:0,(anonymous_1346)
FNDA:0,(anonymous_1347)
FNDA:0,(anonymous_1348)
FNDA:0,(anonymous_1349)
FNDA:0,(anonymous_1350)
FNDA:0,(anonymous_1351)
FNDA:0,(anonymous_1352)
FNDA:0,(anonymous_1353)
FNDA:0,(anonymous_1354)
FNDA:0,(anonymous_1355)
FNDA:0,(anonymous_1356)
FNDA:0,(anonymous_1357)
FNDA:0,(anonymous_1358)
FNDA:0,(anonymous_1359)
FNDA:0,(anonymous_1360)
FNDA:0,(anonymous_1361)
FNDA:0,(anonymous_1362)
FNDA:0,(anonymous_1363)
FNDA:0,(anonymous_1364)
FNDA:0,(anonymous_1365)
FNDA:0,(anonymous_1366)
FNDA:0,(anonymous_1367)
FNDA:0,(anonymous_1368)
FNDA:0,(anonymous_1369)
FNDA:0,(anonymous_1370)
FNDA:0,(anonymous_1371)
FNDA:0,(anonymous_1372)
FNDA:0,(anonymous_1373)
FNDA:0,(anonymous_1374)
FNDA:0,(anonymous_1375)
FNDA:0,(anonymous_1376)
FNDA:0,(anonymous_1377)
FNDA:0,(anonymous_1378)
FNDA:0,(anonymous_1379)
FNDA:0,(anonymous_1380)
FNDA:0,(anonymous_1381)
FNDA:0,Nr
FNDA:0,Wm
FNDA:0,tl
FNDA:0,dd
FNDA:0,(anonymous_1386)
FNDA:0,pd
FNDA:0,Rr
FNDA:0,(anonymous_1389)
FNDA:0,(anonymous_1390)
FNDA:0,(anonymous_1391)
FNDA:0,(anonymous_1392)
FNDA:0,(anonymous_1393)
FNDA:0,(anonymous_1394)
FNDA:0,(anonymous_1395)
FNDA:0,(anonymous_1396)
FNDA:0,(anonymous_1397)
FNDA:0,(anonymous_1398)
FNDA:0,(anonymous_1399)
FNDA:0,(anonymous_1400)
FNDA:0,(anonymous_1401)
FNDA:0,(anonymous_1402)
FNDA:0,(anonymous_1403)
FNDA:0,(anonymous_1404)
FNDA:0,(anonymous_1405)
FNDA:0,(anonymous_1406)
FNDA:0,(anonymous_1407)
FNDA:0,(anonymous_1408)
FNDA:0,(anonymous_1409)
FNDA:0,(anonymous_1410)
FNDA:0,(anonymous_1411)
FNDA:0,BS
FNDA:0,(anonymous_1413)
FNDA:0,(anonymous_1414)
FNDA:0,Qm
FNDA:0,(anonymous_1416)
FNDA:0,(anonymous_1417)
FNDA:0,(anonymous_1418)
FNDA:0,(anonymous_1419)
FNDA:0,(anonymous_1420)
FNDA:0,(anonymous_1421)
FNDA:0,VS
FNDA:0,(anonymous_1423)
FNDA:0,(anonymous_1424)
FNDA:0,WS
FNDA:0,(anonymous_1426)
FNDA:0,Hm
FNDA:0,Km
FNDA:0,(anonymous_1429)
FNDA:0,bm
FNDA:0,(anonymous_1431)
FNDA:0,(anonymous_1432)
FNDA:0,(anonymous_1433)
FNDA:0,(anonymous_1434)
FNDA:0,QS
FNDA:0,(anonymous_1436)
FNDA:0,(anonymous_1437)
FNDA:0,(anonymous_1438)
FNDA:0,(anonymous_1439)
FNDA:0,(anonymous_1440)
FNDA:0,(anonymous_1441)
FNDA:0,(anonymous_1442)
FNDA:0,(anonymous_1443)
FNDA:0,(anonymous_1444)
FNDA:0,(anonymous_1445)
FNDA:0,(anonymous_1446)
FNDA:0,(anonymous_1447)
FNDA:0,(anonymous_1448)
FNDA:0,(anonymous_1449)
FNDA:0,(anonymous_1450)
FNDA:0,(anonymous_1451)
FNDA:0,(anonymous_1452)
FNDA:0,(anonymous_1453)
FNDA:0,KS
FNDA:0,(anonymous_1455)
FNDA:0,(anonymous_1456)
FNDA:0,(anonymous_1457)
FNDA:0,(anonymous_1458)
FNDA:0,(anonymous_1459)
FNDA:0,(anonymous_1460)
FNDA:0,(anonymous_1461)
FNDA:0,(anonymous_1462)
FNDA:0,(anonymous_1463)
FNDA:0,(anonymous_1464)
FNDA:0,(anonymous_1465)
FNDA:0,(anonymous_1466)
FNDA:0,(anonymous_1467)
FNDA:0,(anonymous_1468)
FNDA:0,(anonymous_1469)
FNDA:0,(anonymous_1470)
FNDA:0,(anonymous_1471)
FNDA:0,(anonymous_1472)
FNDA:0,(anonymous_1473)
FNDA:0,(anonymous_1474)
FNDA:0,(anonymous_1475)
FNDA:0,(anonymous_1476)
FNDA:0,(anonymous_1477)
FNDA:0,(anonymous_1478)
FNDA:0,(anonymous_1479)
FNDA:0,GS
FNDA:0,(anonymous_1481)
FNDA:0,(anonymous_1482)
FNDA:0,(anonymous_1483)
FNDA:0,(anonymous_1484)
FNDA:0,(anonymous_1485)
FNDA:0,(anonymous_1486)
FNDA:0,(anonymous_1487)
FNDA:0,(anonymous_1488)
FNDA:0,(anonymous_1489)
FNDA:0,(anonymous_1490)
FNDA:0,(anonymous_1491)
FNDA:0,(anonymous_1492)
FNDA:0,(anonymous_1493)
FNDA:0,(anonymous_1494)
FNDA:0,XS
FNDA:0,hd
FNDA:0,Ms
FNDA:0,(anonymous_1498)
FNDA:0,(anonymous_1499)
FNDA:0,qS
FNDA:0,JS
FNDA:0,(anonymous_1502)
FNDA:0,(anonymous_1503)
FNDA:0,(anonymous_1504)
FNDA:0,(anonymous_1505)
FNDA:0,(anonymous_1506)
FNDA:0,(anonymous_1507)
FNDA:0,(anonymous_1508)
FNDA:0,(anonymous_1509)
FNDA:0,(anonymous_1510)
FNDA:0,(anonymous_1511)
FNDA:0,(anonymous_1512)
FNDA:0,(anonymous_1513)
FNDA:0,(anonymous_1514)
FNDA:0,(anonymous_1515)
FNDA:0,(anonymous_1516)
FNDA:0,(anonymous_1517)
FNDA:0,(anonymous_1518)
FNDA:0,(anonymous_1519)
FNDA:0,(anonymous_1520)
FNDA:0,(anonymous_1521)
FNDA:0,(anonymous_1522)
FNDA:0,(anonymous_1523)
FNDA:0,(anonymous_1524)
FNDA:0,(anonymous_1525)
FNDA:0,(anonymous_1526)
FNDA:0,(anonymous_1527)
FNDA:0,(anonymous_1528)
FNDA:0,(anonymous_1529)
FNDA:0,(anonymous_1530)
FNDA:0,(anonymous_1531)
FNDA:0,(anonymous_1532)
FNDA:0,(anonymous_1533)
FNDA:0,(anonymous_1534)
FNDA:0,(anonymous_1535)
FNDA:0,(anonymous_1536)
FNDA:0,(anonymous_1537)
FNDA:0,(anonymous_1538)
FNDA:0,(anonymous_1539)
FNDA:0,(anonymous_1540)
FNDA:0,(anonymous_1541)
FNDA:0,(anonymous_1542)
FNDA:0,(anonymous_1543)
FNDA:0,(anonymous_1544)
FNDA:0,(anonymous_1545)
FNDA:0,(anonymous_1546)
FNDA:0,(anonymous_1547)
FNDA:0,(anonymous_1548)
FNDA:0,(anonymous_1549)
FNDA:0,(anonymous_1550)
FNDA:0,(anonymous_1551)
FNDA:0,(anonymous_1552)
FNDA:0,(anonymous_1553)
FNDA:0,(anonymous_1554)
FNDA:0,(anonymous_1555)
FNDA:0,(anonymous_1556)
FNDA:0,(anonymous_1557)
FNDA:0,(anonymous_1558)
FNDA:0,(anonymous_1559)
FNDA:0,(anonymous_1560)
FNDA:0,(anonymous_1561)
FNDA:0,(anonymous_1562)
FNDA:0,(anonymous_1563)
FNDA:0,(anonymous_1564)
FNDA:0,(anonymous_1565)
FNDA:0,(anonymous_1566)
FNDA:0,(anonymous_1567)
FNDA:0,(anonymous_1568)
FNDA:0,(anonymous_1569)
FNDA:0,(anonymous_1570)
FNDA:0,(anonymous_1571)
FNDA:0,(anonymous_1572)
FNDA:0,(anonymous_1573)
FNDA:0,(anonymous_1574)
FNDA:0,(anonymous_1575)
FNDA:0,(anonymous_1576)
FNDA:0,(anonymous_1577)
FNDA:0,(anonymous_1578)
FNDA:0,(anonymous_1579)
FNDA:0,(anonymous_1580)
DA:1,0
DA:9,0
DA:17,0
DA:25,0
DA:33,0
DA:34,0
DA:35,0
DA:36,0
DA:37,0
DA:38,0
DA:40,0
DA:48,0
DA:56,0
DA:63,0
DA:71,0
DA:80,0
DA:89,0
DA:98,0
LF:18
LH:0
BRDA:1,0,0,0
BRDA:1,0,1,0
BRDA:1,1,0,0
BRDA:1,1,1,0
BRDA:1,2,0,0
BRDA:1,2,1,0
BRDA:1,3,0,0
BRDA:1,3,1,0
BRDA:1,4,0,0
BRDA:1,4,1,0
BRDA:1,5,0,0
BRDA:1,5,1,0
BRDA:1,6,0,0
BRDA:1,6,1,0
BRDA:1,7,0,0
BRDA:1,7,1,0
BRDA:1,7,2,0
BRDA:1,8,0,0
BRDA:1,8,1,0
BRDA:1,9,0,0
BRDA:1,9,1,0
BRDA:1,9,2,0
BRDA:1,10,0,0
BRDA:1,10,1,0
BRDA:1,11,0,0
BRDA:1,11,1,0
BRDA:1,12,0,0
BRDA:1,12,1,0
BRDA:1,13,0,0
BRDA:1,13,1,0
BRDA:1,14,0,0
BRDA:1,14,1,0
BRDA:1,15,0,0
BRDA:1,15,1,0
BRDA:1,16,0,0
BRDA:1,16,1,0
BRDA:1,16,2,0
BRDA:9,17,0,0
BRDA:9,17,1,0
BRDA:9,18,0,0
BRDA:9,18,1,0
BRDA:9,19,0,0
BRDA:9,19,1,0
BRDA:9,19,2,0
BRDA:9,20,0,0
BRDA:9,20,1,0
BRDA:9,21,0,0
BRDA:9,21,1,0
BRDA:9,22,0,0
BRDA:9,22,1,0
BRDA:9,23,0,0
BRDA:9,23,1,0
BRDA:9,23,2,0
BRDA:9,24,0,0
BRDA:9,24,1,0
BRDA:9,25,0,0
BRDA:9,25,1,0
BRDA:9,26,0,0
BRDA:9,26,1,0
BRDA:9,27,0,0
BRDA:9,27,1,0
BRDA:9,28,0,0
BRDA:9,28,1,0
BRDA:9,28,2,0
BRDA:9,29,0,0
BRDA:9,29,1,0
BRDA:9,30,0,0
BRDA:9,30,1,0
BRDA:9,31,0,0
BRDA:9,31,1,0
BRDA:9,32,0,0
BRDA:9,32,1,0
BRDA:9,33,0,0
BRDA:9,33,1,0
BRDA:9,34,0,0
BRDA:9,34,1,0
BRDA:9,34,2,0
BRDA:9,35,0,0
BRDA:9,35,1,0
BRDA:9,36,0,0
BRDA:9,36,1,0
BRDA:9,36,2,0
BRDA:9,37,0,0
BRDA:9,37,1,0
BRDA:9,37,2,0
BRDA:9,38,0,0
BRDA:9,38,1,0
BRDA:9,39,0,0
BRDA:9,39,1,0
BRDA:9,39,2,0
BRDA:9,40,0,0
BRDA:9,40,1,0
BRDA:9,41,0,0
BRDA:9,41,1,0
BRDA:9,42,0,0
BRDA:9,42,1,0
BRDA:9,43,0,0
BRDA:9,43,1,0
BRDA:9,44,0,0
BRDA:9,44,1,0
BRDA:9,45,0,0
BRDA:9,45,1,0
BRDA:9,46,0,0
BRDA:9,46,1,0
BRDA:9,47,0,0
BRDA:9,47,1,0
BRDA:9,48,0,0
BRDA:9,48,1,0
BRDA:9,48,2,0
BRDA:9,49,0,0
BRDA:9,49,1,0
BRDA:9,50,0,0
BRDA:9,50,1,0
BRDA:9,51,0,0
BRDA:9,51,1,0
BRDA:9,52,0,0
BRDA:9,52,1,0
BRDA:9,53,0,0
BRDA:9,53,1,0
BRDA:9,54,0,0
BRDA:9,54,1,0
BRDA:9,55,0,0
BRDA:9,55,1,0
BRDA:9,56,0,0
BRDA:9,56,1,0
BRDA:9,56,2,0
BRDA:9,57,0,0
BRDA:9,57,1,0
BRDA:9,57,2,0
BRDA:9,58,0,0
BRDA:9,58,1,0
BRDA:9,59,0,0
BRDA:9,59,1,0
BRDA:9,60,0,0
BRDA:9,60,1,0
BRDA:9,61,0,0
BRDA:9,61,1,0
BRDA:9,62,0,0
BRDA:9,62,1,0
BRDA:9,63,0,0
BRDA:9,63,1,0
BRDA:9,64,0,0
BRDA:9,64,1,0
BRDA:9,65,0,0
BRDA:9,65,1,0
BRDA:9,66,0,0
BRDA:9,66,1,0
BRDA:9,67,0,0
BRDA:9,67,1,0
BRDA:9,68,0,0
BRDA:9,68,1,0
BRDA:9,68,2,0
BRDA:9,69,0,0
BRDA:9,69,1,0
BRDA:9,70,0,0
BRDA:9,70,1,0
BRDA:9,71,0,0
BRDA:9,71,1,0
BRDA:9,72,0,0
BRDA:9,72,1,0
BRDA:9,73,0,0
BRDA:9,73,1,0
BRDA:17,74,0,0
BRDA:17,74,1,0
BRDA:17,75,0,0
BRDA:17,75,1,0
BRDA:17,76,0,0
BRDA:17,76,1,0
BRDA:17,77,0,0
BRDA:17,77,1,0
BRDA:17,77,2,0
BRDA:17,78,0,0
BRDA:17,78,1,0
BRDA:17,79,0,0
BRDA:17,79,1,0
BRDA:17,80,0,0
BRDA:17,80,1,0
BRDA:25,81,0,0
BRDA:25,81,1,0
BRDA:25,82,0,0
BRDA:25,82,1,0
BRDA:25,83,0,0
BRDA:25,83,1,0
BRDA:25,84,0,0
BRDA:25,84,1,0
BRDA:25,85,0,0
BRDA:25,85,1,0
BRDA:25,86,0,0
BRDA:25,86,1,0
BRDA:25,87,0,0
BRDA:25,87,1,0
BRDA:25,88,0,0
BRDA:25,88,1,0
BRDA:25,89,0,0
BRDA:25,89,1,0
BRDA:25,90,0,0
BRDA:25,90,1,0
BRDA:25,91,0,0
BRDA:25,91,1,0
BRDA:25,92,0,0
BRDA:25,92,1,0
BRDA:25,93,0,0
BRDA:25,93,1,0
BRDA:25,94,0,0
BRDA:25,94,1,0
BRDA:25,95,0,0
BRDA:25,95,1,0
BRDA:25,96,0,0
BRDA:25,96,1,0
BRDA:25,96,2,0
BRDA:25,96,3,0
BRDA:25,97,0,0
BRDA:25,97,1,0
BRDA:25,98,0,0
BRDA:25,98,1,0
BRDA:25,99,0,0
BRDA:25,99,1,0
BRDA:25,100,0,0
BRDA:25,100,1,0
BRDA:25,101,0,0
BRDA:25,101,1,0
BRDA:25,102,0,0
BRDA:25,102,1,0
BRDA:25,103,0,0
BRDA:25,103,1,0
BRDA:25,103,2,0
BRDA:25,103,3,0
BRDA:25,104,0,0
BRDA:25,104,1,0
BRDA:25,105,0,0
BRDA:25,105,1,0
BRDA:25,106,0,0
BRDA:25,106,1,0
BRDA:25,107,0,0
BRDA:25,107,1,0
BRDA:25,108,0,0
BRDA:25,108,1,0
BRDA:25,109,0,0
BRDA:25,109,1,0
BRDA:25,110,0,0
BRDA:25,110,1,0
BRDA:25,111,0,0
BRDA:25,111,1,0
BRDA:25,112,0,0
BRDA:25,112,1,0
BRDA:25,113,0,0
BRDA:25,113,1,0
BRDA:25,114,0,0
BRDA:25,114,1,0
BRDA:25,114,2,0
BRDA:25,115,0,0
BRDA:25,115,1,0
BRDA:25,116,0,0
BRDA:25,116,1,0
BRDA:25,117,0,0
BRDA:25,117,1,0
BRDA:25,118,0,0
BRDA:25,118,1,0
BRDA:25,118,2,0
BRDA:25,118,3,0
BRDA:25,119,0,0
BRDA:25,119,1,0
BRDA:25,119,2,0
BRDA:25,119,3,0
BRDA:25,119,4,0
BRDA:25,119,5,0
BRDA:25,120,0,0
BRDA:25,120,1,0
BRDA:25,120,2,0
BRDA:25,120,3,0
BRDA:25,120,4,0
BRDA:25,121,0,0
BRDA:25,121,1,0
BRDA:25,122,0,0
BRDA:25,122,1,0
BRDA:25,123,0,0
BRDA:25,123,1,0
BRDA:25,124,0,0
BRDA:25,124,1,0
BRDA:25,125,0,0
BRDA:25,125,1,0
BRDA:25,126,0,0
BRDA:25,126,1,0
BRDA:25,126,2,0
BRDA:25,127,0,0
BRDA:25,127,1,0
BRDA:25,128,0,0
BRDA:25,128,1,0
BRDA:25,128,2,0
BRDA:33,129,0,0
BRDA:33,129,1,0
BRDA:33,129,2,0
BRDA:33,130,0,0
BRDA:33,130,1,0
BRDA:33,131,0,0
BRDA:33,131,1,0
BRDA:33,132,0,0
BRDA:33,132,1,0
BRDA:33,133,0,0
BRDA:33,133,1,0
BRDA:33,134,0,0
BRDA:33,134,1,0
BRDA:33,135,0,0
BRDA:33,135,1,0
BRDA:33,135,2,0
BRDA:33,135,3,0
BRDA:33,136,0,0
BRDA:33,136,1,0
BRDA:33,137,0,0
BRDA:33,137,1,0
BRDA:33,138,0,0
BRDA:33,138,1,0
BRDA:33,139,0,0
BRDA:33,139,1,0
BRDA:33,140,0,0
BRDA:33,140,1,0
BRDA:33,140,2,0
BRDA:33,141,0,0
BRDA:33,141,1,0
BRDA:33,142,0,0
BRDA:33,142,1,0
BRDA:33,143,0,0
BRDA:33,143,1,0
BRDA:33,143,2,0
BRDA:33,143,3,0
BRDA:33,144,0,0
BRDA:33,144,1,0
BRDA:33,145,0,0
BRDA:33,145,1,0
BRDA:33,145,2,0
BRDA:33,146,0,0
BRDA:33,146,1,0
BRDA:33,147,0,0
BRDA:33,147,1,0
BRDA:33,148,0,0
BRDA:33,148,1,0
BRDA:33,149,0,0
BRDA:33,149,1,0
BRDA:33,149,2,0
BRDA:33,149,3,0
BRDA:33,149,4,0
BRDA:33,149,5,0
BRDA:33,150,0,0
BRDA:33,150,1,0
BRDA:33,151,0,0
BRDA:33,151,1,0
BRDA:33,152,0,0
BRDA:33,152,1,0
BRDA:33,153,0,0
BRDA:33,153,1,0
BRDA:33,154,0,0
BRDA:33,154,1,0
BRDA:33,155,0,0
BRDA:33,155,1,0
BRDA:33,156,0,0
BRDA:33,156,1,0
BRDA:33,157,0,0
BRDA:33,157,1,0
BRDA:33,158,0,0
BRDA:33,158,1,0
BRDA:33,159,0,0
BRDA:33,159,1,0
BRDA:33,160,0,0
BRDA:33,160,1,0
BRDA:33,160,2,0
BRDA:33,161,0,0
BRDA:33,161,1,0
BRDA:33,162,0,0
BRDA:33,162,1,0
BRDA:33,163,0,0
BRDA:33,163,1,0
BRDA:33,164,0,0
BRDA:33,164,1,0
BRDA:33,164,2,0
BRDA:33,165,0,0
BRDA:33,165,1,0
BRDA:33,166,0,0
BRDA:33,166,1,0
BRDA:33,167,0,0
BRDA:33,167,1,0
BRDA:33,167,2,0
BRDA:34,168,0,0
BRDA:34,168,1,0
BRDA:34,169,0,0
BRDA:34,169,1,0
BRDA:34,170,0,0
BRDA:34,170,1,0
BRDA:34,171,0,0
BRDA:34,171,1,0
BRDA:34,172,0,0
BRDA:34,172,1,0
BRDA:34,173,0,0
BRDA:34,173,1,0
BRDA:34,174,0,0
BRDA:34,174,1,0
BRDA:34,174,2,0
BRDA:36,175,0,0
BRDA:36,175,1,0
BRDA:36,175,2,0
BRDA:36,176,0,0
BRDA:36,176,1,0
BRDA:36,177,0,0
BRDA:36,177,1,0
BRDA:36,178,0,0
BRDA:36,178,1,0
BRDA:36,179,0,0
BRDA:36,179,1,0
BRDA:37,180,0,0
BRDA:37,180,1,0
BRDA:36,181,0,0
BRDA:36,181,1,0
BRDA:36,182,0,0
BRDA:36,182,1,0
BRDA:37,183,0,0
BRDA:37,183,1,0
BRDA:37,183,2,0
BRDA:37,184,0,0
BRDA:37,184,1,0
BRDA:37,185,0,0
BRDA:37,185,1,0
BRDA:37,186,0,0
BRDA:37,186,1,0
BRDA:37,187,0,0
BRDA:37,187,1,0
BRDA:37,187,2,0
BRDA:37,187,3,0
BRDA:37,187,4,0
BRDA:37,187,5,0
BRDA:37,187,6,0
BRDA:37,187,7,0
BRDA:37,187,8,0
BRDA:37,187,9,0
BRDA:37,188,0,0
BRDA:37,188,1,0
BRDA:37,189,0,0
BRDA:37,189,1,0
BRDA:37,190,0,0
BRDA:37,190,1,0
BRDA:37,190,2,0
BRDA:37,191,0,0
BRDA:37,191,1,0
BRDA:37,192,0,0
BRDA:37,192,1,0
BRDA:37,192,2,0
BRDA:37,192,3,0
BRDA:37,192,4,0
BRDA:37,192,5,0
BRDA:37,193,0,0
BRDA:37,193,1,0
BRDA:37,194,0,0
BRDA:37,194,1,0
BRDA:37,194,2,0
BRDA:37,194,3,0
BRDA:37,194,4,0
BRDA:37,195,0,0
BRDA:37,195,1,0
BRDA:37,196,0,0
BRDA:37,196,1,0
BRDA:37,197,0,0
BRDA:37,197,1,0
BRDA:37,198,0,0
BRDA:37,198,1,0
BRDA:37,198,2,0
BRDA:37,199,0,0
BRDA:37,199,1,0
BRDA:37,200,0,0
BRDA:37,200,1,0
BRDA:37,201,0,0
BRDA:37,201,1,0
BRDA:37,202,0,0
BRDA:37,202,1,0
BRDA:37,203,0,0
BRDA:37,203,1,0
BRDA:37,203,2,0
BRDA:37,203,3,0
BRDA:37,203,4,0
BRDA:37,203,5,0
BRDA:37,203,6,0
BRDA:37,203,7,0
BRDA:37,203,8,0
BRDA:37,203,9,0
BRDA:37,203,10,0
BRDA:37,203,11,0
BRDA:37,203,12,0
BRDA:37,203,13,0
BRDA:37,203,14,0
BRDA:37,203,15,0
BRDA:37,203,16,0
BRDA:37,203,17,0
BRDA:37,203,18,0
BRDA:37,203,19,0
BRDA:37,203,20,0
BRDA:37,203,21,0
BRDA:37,203,22,0
BRDA:37,203,23,0
BRDA:37,204,0,0
BRDA:37,204,1,0
BRDA:37,205,0,0
BRDA:37,205,1,0
BRDA:37,206,0,0
BRDA:37,206,1,0
BRDA:37,206,2,0
BRDA:37,207,0,0
BRDA:37,207,1,0
BRDA:37,208,0,0
BRDA:37,208,1,0
BRDA:37,209,0,0
BRDA:37,209,1,0
BRDA:37,210,0,0
BRDA:37,210,1,0
BRDA:37,211,0,0
BRDA:37,211,1,0
BRDA:37,211,2,0
BRDA:37,212,0,0
BRDA:37,212,1,0
BRDA:37,213,0,0
BRDA:37,213,1,0
BRDA:37,213,2,0
BRDA:37,213,3,0
BRDA:37,213,4,0
BRDA:37,213,5,0
BRDA:37,214,0,0
BRDA:37,214,1,0
BRDA:37,214,2,0
BRDA:37,214,3,0
BRDA:37,215,0,0
BRDA:37,215,1,0
BRDA:37,216,0,0
BRDA:37,216,1,0
BRDA:37,217,0,0
BRDA:37,217,1,0
BRDA:37,217,2,0
BRDA:37,217,3,0
BRDA:37,218,0,0
BRDA:37,218,1,0
BRDA:37,219,0,0
BRDA:37,219,1,0
BRDA:37,220,0,0
BRDA:37,220,1,0
BRDA:37,221,0,0
BRDA:37,221,1,0
BRDA:37,222,0,0
BRDA:37,222,1,0
BRDA:37,223,0,0
BRDA:37,223,1,0
BRDA:37,224,0,0
BRDA:37,224,1,0
BRDA:37,225,0,0
BRDA:37,225,1,0
BRDA:37,226,0,0
BRDA:37,226,1,0
BRDA:37,227,0,0
BRDA:37,227,1,0
BRDA:37,228,0,0
BRDA:37,228,1,0
BRDA:37,229,0,0
BRDA:37,229,1,0
BRDA:37,230,0,0
BRDA:37,230,1,0
BRDA:37,231,0,0
BRDA:37,231,1,0
BRDA:37,232,0,0
BRDA:37,232,1,0
BRDA:37,233,0,0
BRDA:37,233,1,0
BRDA:37,234,0,0
BRDA:37,234,1,0
BRDA:37,235,0,0
BRDA:37,235,1,0
BRDA:37,236,0,0
BRDA:37,236,1,0
BRDA:37,237,0,0
BRDA:37,237,1,0
BRDA:37,238,0,0
BRDA:37,238,1,0
BRDA:37,238,2,0
BRDA:37,238,3,0
BRDA:37,239,0,0
BRDA:37,239,1,0
BRDA:37,240,0,0
BRDA:37,240,1,0
BRDA:37,241,0,0
BRDA:37,241,1,0
BRDA:37,242,0,0
BRDA:37,242,1,0
BRDA:37,243,0,0
BRDA:37,243,1,0
BRDA:37,244,0,0
BRDA:37,244,1,0
BRDA:37,244,2,0
BRDA:37,245,0,0
BRDA:37,245,1,0
BRDA:37,246,0,0
BRDA:37,246,1,0
BRDA:37,247,0,0
BRDA:37,247,1,0
BRDA:37,248,0,0
BRDA:37,248,1,0
BRDA:37,248,2,0
BRDA:37,248,3,0
BRDA:37,249,0,0
BRDA:37,249,1,0
BRDA:37,249,2,0
BRDA:37,250,0,0
BRDA:37,250,1,0
BRDA:37,251,0,0
BRDA:37,251,1,0
BRDA:37,252,0,0
BRDA:37,252,1,0
BRDA:37,252,2,0
BRDA:37,253,0,0
BRDA:37,253,1,0
BRDA:37,254,0,0
BRDA:37,254,1,0
BRDA:37,255,0,0
BRDA:37,255,1,0
BRDA:37,256,0,0
BRDA:37,256,1,0
BRDA:37,257,0,0
BRDA:37,257,1,0
BRDA:37,257,2,0
BRDA:37,258,0,0
BRDA:37,258,1,0
BRDA:37,259,0,0
BRDA:37,259,1,0
BRDA:37,260,0,0
BRDA:37,260,1,0
BRDA:37,260,2,0
BRDA:37,261,0,0
BRDA:37,261,1,0
BRDA:37,262,0,0
BRDA:37,262,1,0
BRDA:37,263,0,0
BRDA:37,263,1,0
BRDA:37,264,0,0
BRDA:37,264,1,0
BRDA:37,265,0,0
BRDA:37,265,1,0
BRDA:37,266,0,0
BRDA:37,266,1,0
BRDA:37,267,0,0
BRDA:37,267,1,0
BRDA:37,268,0,0
BRDA:37,268,1,0
BRDA:37,269,0,0
BRDA:37,269,1,0
BRDA:37,270,0,0
BRDA:37,270,1,0
BRDA:37,271,0,0
BRDA:37,271,1,0
BRDA:37,271,2,0
BRDA:37,272,0,0
BRDA:37,272,1,0
BRDA:37,273,0,0
BRDA:37,273,1,0
BRDA:37,273,2,0
BRDA:37,273,3,0
BRDA:37,274,0,0
BRDA:37,274,1,0
BRDA:37,274,2,0
BRDA:37,275,0,0
BRDA:37,275,1,0
BRDA:37,276,0,0
BRDA:37,276,1,0
BRDA:37,277,0,0
BRDA:37,277,1,0
BRDA:37,278,0,0
BRDA:37,278,1,0
BRDA:37,279,0,0
BRDA:37,279,1,0
BRDA:37,280,0,0
BRDA:37,280,1,0
BRDA:37,281,0,0
BRDA:37,281,1,0
BRDA:37,282,0,0
BRDA:37,282,1,0
BRDA:37,283,0,0
BRDA:37,283,1,0
BRDA:37,284,0,0
BRDA:37,284,1,0
BRDA:37,285,0,0
BRDA:37,285,1,0
BRDA:37,286,0,0
BRDA:37,286,1,0
BRDA:37,286,2,0
BRDA:37,287,0,0
BRDA:37,287,1,0
BRDA:37,288,0,0
BRDA:37,288,1,0
BRDA:37,288,2,0
BRDA:37,289,0,0
BRDA:37,289,1,0
BRDA:37,290,0,0
BRDA:37,290,1,0
BRDA:37,290,2,0
BRDA:37,290,3,0
BRDA:37,290,4,0
BRDA:37,291,0,0
BRDA:37,291,1,0
BRDA:37,292,0,0
BRDA:37,292,1,0
BRDA:37,293,0,0
BRDA:37,293,1,0
BRDA:37,294,0,0
BRDA:37,294,1,0
BRDA:37,295,0,0
BRDA:37,295,1,0
BRDA:37,296,0,0
BRDA:37,296,1,0
BRDA:37,296,2,0
BRDA:37,297,0,0
BRDA:37,297,1,0
BRDA:37,298,0,0
BRDA:37,298,1,0
BRDA:37,299,0,0
BRDA:37,299,1,0
BRDA:37,300,0,0
BRDA:37,300,1,0
BRDA:37,301,0,0
BRDA:37,301,1,0
BRDA:37,302,0,0
BRDA:37,302,1,0
BRDA:37,303,0,0
BRDA:37,303,1,0
BRDA:37,304,0,0
BRDA:37,304,1,0
BRDA:37,304,2,0
BRDA:37,304,3,0
BRDA:37,304,4,0
BRDA:37,304,5,0
BRDA:37,304,6,0
BRDA:37,304,7,0
BRDA:37,304,8,0
BRDA:37,305,0,0
BRDA:37,305,1,0
BRDA:37,305,2,0
BRDA:37,306,0,0
BRDA:37,306,1,0
BRDA:37,307,0,0
BRDA:37,307,1,0
BRDA:37,308,0,0
BRDA:37,308,1,0
BRDA:37,309,0,0
BRDA:37,309,1,0
BRDA:37,310,0,0
BRDA:37,310,1,0
BRDA:37,311,0,0
BRDA:37,311,1,0
BRDA:37,312,0,0
BRDA:37,312,1,0
BRDA:37,313,0,0
BRDA:37,313,1,0
BRDA:37,314,0,0
BRDA:37,314,1,0
BRDA:37,315,0,0
BRDA:37,315,1,0
BRDA:37,316,0,0
BRDA:37,316,1,0
BRDA:37,316,2,0
BRDA:37,317,0,0
BRDA:37,317,1,0
BRDA:37,318,0,0
BRDA:37,318,1,0
BRDA:37,319,0,0
BRDA:37,319,1,0
BRDA:37,319,2,0
BRDA:37,319,3,0
BRDA:37,319,4,0
BRDA:37,319,5,0
BRDA:37,319,6,0
BRDA:37,319,7,0
BRDA:37,319,8,0
BRDA:37,319,9,0
BRDA:37,319,10,0
BRDA:37,319,11,0
BRDA:37,320,0,0
BRDA:37,320,1,0
BRDA:37,321,0,0
BRDA:37,321,1,0
BRDA:37,321,2,0
BRDA:37,321,3,0
BRDA:37,322,0,0
BRDA:37,322,1,0
BRDA:37,323,0,0
BRDA:37,323,1,0
BRDA:37,324,0,0
BRDA:37,324,1,0
BRDA:37,325,0,0
BRDA:37,325,1,0
BRDA:37,326,0,0
BRDA:37,326,1,0
BRDA:37,327,0,0
BRDA:37,327,1,0
BRDA:37,328,0,0
BRDA:37,328,1,0
BRDA:37,329,0,0
BRDA:37,329,1,0
BRDA:37,330,0,0
BRDA:37,330,1,0
BRDA:37,331,0,0
BRDA:37,331,1,0
BRDA:37,332,0,0
BRDA:37,332,1,0
BRDA:37,333,0,0
BRDA:37,333,1,0
BRDA:37,334,0,0
BRDA:37,334,1,0
BRDA:37,335,0,0
BRDA:37,335,1,0
BRDA:37,336,0,0
BRDA:37,336,1,0
BRDA:37,337,0,0
BRDA:37,337,1,0
BRDA:37,338,0,0
BRDA:37,338,1,0
BRDA:37,339,0,0
BRDA:37,339,1,0
BRDA:37,340,0,0
BRDA:37,340,1,0
BRDA:37,341,0,0
BRDA:37,341,1,0
BRDA:37,342,0,0
BRDA:37,342,1,0
BRDA:37,343,0,0
BRDA:37,343,1,0
BRDA:37,344,0,0
BRDA:37,344,1,0
BRDA:37,345,0,0
BRDA:37,345,1,0
BRDA:37,346,0,0
BRDA:37,346,1,0
BRDA:37,347,0,0
BRDA:37,347,1,0
BRDA:37,348,0,0
BRDA:37,348,1,0
BRDA:37,349,0,0
BRDA:37,349,1,0
BRDA:37,350,0,0
BRDA:37,350,1,0
BRDA:37,351,0,0
BRDA:37,351,1,0
BRDA:37,352,0,0
BRDA:37,352,1,0
BRDA:37,353,0,0
BRDA:37,353,1,0
BRDA:37,354,0,0
BRDA:37,354,1,0
BRDA:37,355,0,0
BRDA:37,355,1,0
BRDA:37,356,0,0
BRDA:37,356,1,0
BRDA:37,357,0,0
BRDA:37,357,1,0
BRDA:37,358,0,0
BRDA:37,358,1,0
BRDA:37,359,0,0
BRDA:37,359,1,0
BRDA:37,360,0,0
BRDA:37,360,1,0
BRDA:37,361,0,0
BRDA:37,361,1,0
BRDA:37,362,0,0
BRDA:37,362,1,0
BRDA:37,363,0,0
BRDA:37,363,1,0
BRDA:37,364,0,0
BRDA:37,364,1,0
BRDA:37,364,2,0
BRDA:37,364,3,0
BRDA:37,364,4,0
BRDA:37,364,5,0
BRDA:37,364,6,0
BRDA:37,364,7,0
BRDA:37,364,8,0
BRDA:37,364,9,0
BRDA:37,364,10,0
BRDA:37,364,11,0
BRDA:37,364,12,0
BRDA:37,364,13,0
BRDA:37,364,14,0
BRDA:37,364,15,0
BRDA:37,364,16,0
BRDA:37,364,17,0
BRDA:37,364,18,0
BRDA:37,364,19,0
BRDA:37,364,20,0
BRDA:37,364,21,0
BRDA:37,364,22,0
BRDA:37,364,23,0
BRDA:37,364,24,0
BRDA:37,364,25,0
BRDA:37,364,26,0
BRDA:37,364,27,0
BRDA:37,364,28,0
BRDA:37,364,29,0
BRDA:37,364,30,0
BRDA:37,364,31,0
BRDA:37,365,0,0
BRDA:37,365,1,0
BRDA:37,366,0,0
BRDA:37,366,1,0
BRDA:37,367,0,0
BRDA:37,367,1,0
BRDA:37,368,0,0
BRDA:37,368,1,0
BRDA:37,369,0,0
BRDA:37,369,1,0
BRDA:37,370,0,0
BRDA:37,370,1,0
BRDA:37,371,0,0
BRDA:37,371,1,0
BRDA:37,372,0,0
BRDA:37,372,1,0
BRDA:37,373,0,0
BRDA:37,373,1,0
BRDA:37,373,2,0
BRDA:37,373,3,0
BRDA:37,374,0,0
BRDA:37,374,1,0
BRDA:37,374,2,0
BRDA:37,375,0,0
BRDA:37,375,1,0
BRDA:37,376,0,0
BRDA:37,376,1,0
BRDA:37,377,0,0
BRDA:37,377,1,0
BRDA:37,377,2,0
BRDA:37,377,3,0
BRDA:37,377,4,0
BRDA:37,377,5,0
BRDA:37,377,6,0
BRDA:37,377,7,0
BRDA:37,377,8,0
BRDA:37,377,9,0
BRDA:37,377,10,0
BRDA:37,377,11,0
BRDA:37,377,12,0
BRDA:37,377,13,0
BRDA:37,377,14,0
BRDA:37,377,15,0
BRDA:37,377,16,0
BRDA:37,377,17,0
BRDA:37,377,18,0
BRDA:37,377,19,0
BRDA:37,377,20,0
BRDA:37,377,21,0
BRDA:37,377,22,0
BRDA:37,377,23,0
BRDA:37,377,24,0
BRDA:37,377,25,0
BRDA:37,377,26,0
BRDA:37,377,27,0
BRDA:37,377,28,0
BRDA:37,377,29,0
BRDA:37,377,30,0
BRDA:37,377,31,0
BRDA:37,378,0,0
BRDA:37,378,1,0
BRDA:37,379,0,0
BRDA:37,379,1,0
BRDA:37,379,2,0
BRDA:37,380,0,0
BRDA:37,380,1,0
BRDA:37,381,0,0
BRDA:37,381,1,0
BRDA:37,382,0,0
BRDA:37,382,1,0
BRDA:37,383,0,0
BRDA:37,383,1,0
BRDA:37,384,0,0
BRDA:37,384,1,0
BRDA:37,385,0,0
BRDA:37,385,1,0
BRDA:37,386,0,0
BRDA:37,386,1,0
BRDA:37,387,0,0
BRDA:37,387,1,0
BRDA:37,388,0,0
BRDA:37,388,1,0
BRDA:37,389,0,0
BRDA:37,389,1,0
BRDA:37,389,2,0
BRDA:37,389,3,0
BRDA:37,389,4,0
BRDA:37,389,5,0
BRDA:37,389,6,0
BRDA:37,389,7,0
BRDA:37,389,8,0
BRDA:37,389,9,0
BRDA:37,390,0,0
BRDA:37,390,1,0
BRDA:37,391,0,0
BRDA:37,391,1,0
BRDA:37,392,0,0
BRDA:37,392,1,0
BRDA:37,393,0,0
BRDA:37,393,1,0
BRDA:37,394,0,0
BRDA:37,394,1,0
BRDA:37,394,2,0
BRDA:37,395,0,0
BRDA:37,395,1,0
BRDA:37,395,2,0
BRDA:37,395,3,0
BRDA:37,395,4,0
BRDA:37,396,0,0
BRDA:37,396,1,0
BRDA:37,397,0,0
BRDA:37,397,1,0
BRDA:37,398,0,0
BRDA:37,398,1,0
BRDA:37,399,0,0
BRDA:37,399,1,0
BRDA:37,400,0,0
BRDA:37,400,1,0
BRDA:37,401,0,0
BRDA:37,401,1,0
BRDA:37,402,0,0
BRDA:37,402,1,0
BRDA:37,403,0,0
BRDA:37,403,1,0
BRDA:37,404,0,0
BRDA:37,404,1,0
BRDA:37,405,0,0
BRDA:37,405,1,0
BRDA:37,406,0,0
BRDA:37,406,1,0
BRDA:37,407,0,0
BRDA:37,407,1,0
BRDA:37,408,0,0
BRDA:37,408,1,0
BRDA:37,409,0,0
BRDA:37,409,1,0
BRDA:37,409,2,0
BRDA:37,410,0,0
BRDA:37,410,1,0
BRDA:37,410,2,0
BRDA:37,411,0,0
BRDA:37,411,1,0
BRDA:37,411,2,0
BRDA:37,412,0,0
BRDA:37,412,1,0
BRDA:37,413,0,0
BRDA:37,413,1,0
BRDA:37,414,0,0
BRDA:37,414,1,0
BRDA:37,415,0,0
BRDA:37,415,1,0
BRDA:37,416,0,0
BRDA:37,416,1,0
BRDA:37,417,0,0
BRDA:37,417,1,0
BRDA:37,418,0,0
BRDA:37,418,1,0
BRDA:37,419,0,0
BRDA:37,419,1,0
BRDA:37,420,0,0
BRDA:37,420,1,0
BRDA:37,421,0,0
BRDA:37,421,1,0
BRDA:37,422,0,0
BRDA:37,422,1,0
BRDA:37,423,0,0
BRDA:37,423,1,0
BRDA:37,424,0,0
BRDA:37,424,1,0
BRDA:37,425,0,0
BRDA:37,425,1,0
BRDA:37,426,0,0
BRDA:37,426,1,0
BRDA:37,427,0,0
BRDA:37,427,1,0
BRDA:37,428,0,0
BRDA:37,428,1,0
BRDA:37,429,0,0
BRDA:37,429,1,0
BRDA:37,430,0,0
BRDA:37,430,1,0
BRDA:37,431,0,0
[...]
BRDA:98,2892,1,0
BRDA:98,2893,0,0
BRDA:98,2893,1,0
BRDA:98,2893,2,0
BRDA:98,2894,0,0
BRDA:98,2894,1,0
BRDA:98,2895,0,0
BRDA:98,2895,1,0
BRDA:98,2896,0,0
BRDA:98,2896,1,0
BRDA:98,2896,2,0
BRDA:98,2897,0,0
BRDA:98,2897,1,0
BRDA:98,2898,0,0
BRDA:98,2898,1,0
BRDA:98,2899,0,0
BRDA:98,2899,1,0
BRDA:98,2900,0,0
BRDA:98,2900,1,0
BRDA:98,2901,0,0
BRDA:98,2901,1,0
BRDA:98,2902,0,0
BRDA:98,2903,0,0
BRDA:98,2903,1,0
BRDA:98,2903,2,0
BRDA:98,2904,0,0
BRDA:98,2904,1,0
BRDA:98,2905,0,0
BRDA:98,2905,1,0
BRDA:98,2906,0,0
BRDA:98,2906,1,0
BRDA:98,2907,0,0
BRDA:98,2907,1,0
BRDA:98,2908,0,0
BRDA:98,2908,1,0
BRDA:98,2909,0,0
BRDA:98,2909,1,0
BRDA:98,2910,0,0
BRDA:98,2910,1,0
BRDA:98,2911,0,0
BRDA:98,2911,1,0
BRDA:98,2911,2,0
BRDA:98,2912,0,0
BRDA:98,2912,1,0
BRDA:98,2913,0,0
BRDA:98,2913,1,0
BRDA:98,2914,0,0
BRDA:98,2914,1,0
BRDA:98,2914,2,0
BRDA:98,2915,0,0
BRDA:98,2915,1,0
BRDA:98,2916,0,0
BRDA:98,2916,1,0
BRDA:98,2917,0,0
BRDA:98,2917,1,0
BRDA:98,2918,0,0
BRDA:98,2918,1,0
BRDA:98,2919,0,0
BRDA:98,2919,1,0
BRDA:98,2920,0,0
BRDA:98,2920,1,0
BRDA:98,2921,0,0
BRDA:98,2921,1,0
BRDA:98,2922,0,0
BRDA:98,2922,1,0
BRDA:98,2923,0,0
BRDA:98,2923,1,0
BRDA:98,2923,2,0
BRDA:98,2923,3,0
BRDA:98,2923,4,0
BRDA:98,2924,0,0
BRDA:98,2924,1,0
BRDA:98,2925,0,0
BRDA:98,2925,1,0
BRDA:98,2926,0,0
BRDA:98,2926,1,0
BRDA:98,2927,0,0
BRDA:98,2927,1,0
BRDA:98,2928,0,0
BRDA:98,2928,1,0
BRDA:98,2929,0,0
BRDA:98,2929,1,0
BRDA:98,2930,0,0
BRDA:98,2930,1,0
BRDA:98,2931,0,0
BRDA:98,2931,1,0
BRDA:98,2932,0,0
BRDA:98,2932,1,0
BRDA:98,2933,0,0
BRDA:98,2933,1,0
BRDA:98,2934,0,0
BRDA:98,2934,1,0
BRDA:98,2935,0,0
BRDA:98,2935,1,0
BRDA:98,2936,0,0
BRDA:98,2936,1,0
BRDA:98,2937,0,0
BRDA:98,2937,1,0
BRDA:98,2938,0,0
BRDA:98,2938,1,0
BRDA:98,2939,0,0
BRDA:98,2939,1,0
BRDA:98,2940,0,0
BRDA:98,2940,1,0
BRDA:98,2941,0,0
BRDA:98,2941,1,0
BRDA:98,2942,0,0
BRDA:98,2943,0,0
BRDA:98,2943,1,0
BRDA:98,2944,0,0
BRDA:98,2944,1,0
BRDA:98,2944,2,0
BRDA:98,2945,0,0
BRDA:98,2945,1,0
BRDA:98,2946,0,0
BRDA:98,2946,1,0
BRDA:98,2946,2,0
BRDA:98,2946,3,0
BRDA:98,2947,0,0
BRDA:98,2947,1,0
BRDA:98,2948,0,0
BRDA:98,2948,1,0
BRDA:98,2949,0,0
BRDA:98,2949,1,0
BRDA:98,2950,0,0
BRDA:98,2950,1,0
BRDA:98,2951,0,0
BRDA:98,2951,1,0
BRDA:98,2952,0,0
BRDA:98,2952,1,0
BRDA:98,2953,0,0
BRDA:98,2953,1,0
BRDA:98,2954,0,0
BRDA:98,2954,1,0
BRDA:98,2955,0,0
BRDA:98,2955,1,0
BRDA:98,2956,0,0
BRDA:98,2956,1,0
BRDA:98,2957,0,0
BRDA:98,2957,1,0
BRDA:98,2958,0,0
BRDA:98,2958,1,0
BRDA:98,2959,0,0
BRDA:98,2959,1,0
BRDA:98,2960,0,0
BRDA:98,2960,1,0
BRDA:98,2961,0,0
BRDA:98,2961,1,0
BRDA:98,2962,0,0
BRDA:98,2962,1,0
BRDA:98,2963,0,0
BRDA:98,2963,1,0
BRDA:98,2964,0,0
BRDA:98,2964,1,0
BRDA:98,2965,0,0
BRDA:98,2965,1,0
BRDA:98,2966,0,0
BRDA:98,2967,0,0
BRDA:98,2967,1,0
BRDA:98,2968,0,0
BRDA:98,2968,1,0
BRDA:98,2969,0,0
BRDA:98,2969,1,0
BRDA:98,2970,0,0
BRDA:98,2970,1,0
BRDA:98,2971,0,0
BRDA:98,2971,1,0
BRDA:98,2972,0,0
BRDA:98,2972,1,0
BRDA:98,2973,0,0
BRDA:98,2973,1,0
BRDA:98,2974,0,0
BRDA:98,2974,1,0
BRDA:98,2975,0,0
BRDA:98,2975,1,0
BRDA:98,2976,0,0
BRDA:98,2976,1,0
BRDA:98,2977,0,0
BRDA:98,2977,1,0
BRDA:98,2978,0,0
BRDA:98,2978,1,0
BRDA:98,2979,0,0
BRDA:98,2979,1,0
BRDA:98,2979,2,0
BRDA:98,2980,0,0
BRDA:98,2980,1,0
BRDA:98,2981,0,0
BRDA:98,2981,1,0
BRDA:98,2982,0,0
BRDA:98,2982,1,0
BRDA:98,2983,0,0
BRDA:98,2983,1,0
BRDA:98,2984,0,0
BRDA:98,2984,1,0
BRDA:98,2985,0,0
BRDA:98,2985,1,0
BRDA:98,2986,0,0
BRDA:98,2986,1,0
BRDA:98,2987,0,0
BRDA:98,2987,1,0
BRDA:98,2988,0,0
BRDA:98,2988,1,0
BRDA:98,2989,0,0
BRDA:98,2989,1,0
BRDA:98,2990,0,0
BRDA:98,2990,1,0
BRDA:98,2991,0,0
BRDA:98,2991,1,0
BRDA:98,2992,0,0
BRDA:98,2992,1,0
BRDA:98,2993,0,0
BRDA:98,2993,1,0
BRDA:98,2994,0,0
BRDA:98,2994,1,0
BRDA:98,2995,0,0
BRDA:98,2995,1,0
BRDA:98,2996,0,0
BRDA:98,2996,1,0
BRDA:98,2997,0,0
BRDA:98,2997,1,0
BRDA:98,2998,0,0
BRDA:98,2998,1,0
BRDA:98,2999,0,0
BRDA:98,2999,1,0
BRDA:98,3000,0,0
BRDA:98,3000,1,0
BRDA:98,3001,0,0
BRDA:98,3001,1,0
BRDA:98,3002,0,0
BRDA:98,3002,1,0
BRDA:98,3003,0,0
BRDA:98,3003,1,0
BRDA:98,3004,0,0
BRDA:98,3004,1,0
BRDA:98,3005,0,0
BRDA:98,3005,1,0
BRDA:98,3006,0,0
BRDA:98,3006,1,0
BRDA:98,3007,0,0
BRDA:98,3007,1,0
BRDA:98,3008,0,0
BRDA:98,3008,1,0
BRDA:98,3008,2,0
BRDA:98,3009,0,0
BRDA:98,3009,1,0
BRDA:98,3010,0,0
BRDA:98,3010,1,0
BRDA:98,3011,0,0
BRDA:98,3011,1,0
BRDA:98,3012,0,0
BRDA:98,3012,1,0
BRDA:98,3013,0,0
BRDA:98,3013,1,0
BRDA:98,3013,2,0
BRDA:98,3014,0,0
BRDA:98,3014,1,0
BRDA:98,3014,2,0
BRDA:98,3015,0,0
BRDA:98,3015,1,0
BRDA:98,3016,0,0
BRDA:98,3016,1,0
BRDA:98,3017,0,0
BRDA:98,3017,1,0
BRDA:98,3018,0,0
BRDA:98,3018,1,0
BRDA:98,3019,0,0
BRDA:98,3019,1,0
BRDA:98,3020,0,0
BRDA:98,3020,1,0
BRDA:98,3021,0,0
BRDA:98,3021,1,0
BRDA:98,3022,0,0
BRDA:98,3022,1,0
BRDA:98,3023,0,0
BRDA:98,3023,1,0
BRDA:98,3024,0,0
BRDA:98,3024,1,0
BRDA:98,3025,0,0
BRDA:98,3025,1,0
BRDA:98,3026,0,0
BRDA:98,3026,1,0
BRDA:98,3027,0,0
BRDA:98,3027,1,0
BRDA:98,3027,2,0
BRDA:98,3028,0,0
BRDA:98,3028,1,0
BRDA:98,3029,0,0
BRDA:98,3029,1,0
BRDA:98,3030,0,0
BRDA:98,3030,1,0
BRDA:98,3031,0,0
BRDA:98,3031,1,0
BRDA:98,3032,0,0
BRDA:98,3032,1,0
BRDA:98,3033,0,0
BRDA:98,3033,1,0
BRDA:98,3034,0,0
BRDA:98,3034,1,0
BRDA:98,3035,0,0
BRDA:98,3035,1,0
BRDA:98,3036,0,0
BRDA:98,3036,1,0
BRDA:98,3037,0,0
BRDA:98,3037,1,0
BRDA:98,3038,0,0
BRDA:98,3038,1,0
BRDA:98,3039,0,0
BRDA:98,3039,1,0
BRDA:98,3040,0,0
BRDA:98,3040,1,0
BRDA:98,3041,0,0
BRDA:98,3041,1,0
BRDA:98,3041,2,0
BRDA:98,3042,0,0
BRDA:98,3042,1,0
BRDA:98,3043,0,0
BRDA:98,3043,1,0
BRDA:98,3044,0,0
BRDA:98,3044,1,0
BRDA:98,3045,0,0
BRDA:98,3045,1,0
BRDA:98,3046,0,0
BRDA:98,3046,1,0
BRDA:98,3047,0,0
BRDA:98,3047,1,0
BRDA:98,3048,0,0
BRDA:98,3049,0,0
BRDA:98,3050,0,0
BRDA:98,3050,1,0
BRDA:98,3050,2,0
BRDA:98,3050,3,0
BRDA:98,3050,4,0
BRDA:98,3051,0,0
BRDA:98,3051,1,0
BRDA:98,3052,0,0
BRDA:98,3052,1,0
BRDA:98,3053,0,0
BRDA:98,3053,1,0
BRDA:98,3054,0,0
BRDA:98,3054,1,0
BRDA:98,3054,2,0
BRDA:98,3055,0,0
BRDA:98,3055,1,0
BRDA:98,3055,2,0
BRDA:98,3056,0,0
BRDA:98,3056,1,0
BRDA:98,3057,0,0
BRDA:98,3057,1,0
BRDA:98,3058,0,0
BRDA:98,3058,1,0
BRDA:98,3059,0,0
BRDA:98,3059,1,0
BRDA:98,3060,0,0
BRDA:98,3060,1,0
BRDA:98,3061,0,0
BRDA:98,3061,1,0
BRDA:98,3062,0,0
BRDA:98,3062,1,0
BRDA:98,3063,0,0
BRDA:98,3063,1,0
BRDA:98,3063,2,0
BRDA:98,3064,0,0
BRDA:98,3064,1,0
BRDA:98,3064,2,0
BRDA:98,3065,0,0
BRDA:98,3065,1,0
BRDA:98,3066,0,0
BRDA:98,3066,1,0
BRDA:98,3067,0,0
BRDA:98,3067,1,0
BRDA:98,3068,0,0
BRDA:98,3068,1,0
BRDA:98,3069,0,0
BRDA:98,3069,1,0
BRDA:98,3070,0,0
BRDA:98,3070,1,0
BRDA:98,3070,2,0
BRDA:98,3071,0,0
BRDA:98,3071,1,0
BRDA:98,3071,2,0
BRDA:98,3072,0,0
BRDA:98,3072,1,0
BRDA:98,3072,2,0
BRDA:98,3072,3,0
BRDA:98,3072,4,0
BRDA:98,3073,0,0
BRDA:98,3073,1,0
BRDA:98,3074,0,0
BRDA:98,3074,1,0
BRDA:98,3074,2,0
BRDA:98,3075,0,0
BRDA:98,3075,1,0
BRDA:98,3076,0,0
BRDA:98,3076,1,0
BRDA:98,3077,0,0
BRDA:98,3077,1,0
BRDA:98,3078,0,0
BRDA:98,3078,1,0
BRDA:98,3079,0,0
BRDA:98,3079,1,0
BRDA:98,3079,2,0
BRDA:98,3080,0,0
BRDA:98,3080,1,0
BRDA:98,3081,0,0
BRDA:98,3081,1,0
BRDA:98,3082,0,0
BRDA:98,3082,1,0
BRDA:98,3083,0,0
BRDA:98,3083,1,0
BRDA:98,3083,2,0
BRDA:98,3084,0,0
BRDA:98,3084,1,0
BRDA:98,3085,0,0
BRDA:98,3085,1,0
BRDA:98,3086,0,0
BRDA:98,3086,1,0
BRDA:98,3087,0,0
BRDA:98,3087,1,0
BRDA:98,3088,0,0
BRDA:98,3088,1,0
BRDA:98,3089,0,0
BRDA:98,3089,1,0
BRDA:98,3090,0,0
BRDA:98,3090,1,0
BRDA:98,3091,0,0
BRDA:98,3091,1,0
BRDA:98,3092,0,0
BRDA:98,3092,1,0
BRDA:98,3093,0,0
BRDA:98,3093,1,0
BRDA:98,3094,0,0
BRDA:98,3094,1,0
BRDA:98,3095,0,0
BRDA:98,3095,1,0
BRDA:98,3096,0,0
BRDA:98,3096,1,0
BRDA:98,3097,0,0
BRDA:98,3097,1,0
BRDA:98,3098,0,0
BRDA:98,3098,1,0
BRDA:98,3099,0,0
BRDA:98,3100,0,0
BRDA:98,3100,1,0
BRDA:98,3101,0,0
BRDA:98,3101,1,0
BRDA:98,3102,0,0
BRDA:98,3102,1,0
BRDA:98,3103,0,0
BRDA:98,3103,1,0
BRDA:98,3104,0,0
BRDA:98,3104,1,0
BRDA:98,3105,0,0
BRDA:98,3105,1,0
BRDA:98,3106,0,0
BRDA:98,3106,1,0
BRDA:98,3107,0,0
BRDA:98,3107,1,0
BRDA:98,3108,0,0
BRDA:98,3108,1,0
BRDA:98,3109,0,0
BRDA:98,3109,1,0
BRDA:98,3110,0,0
BRDA:98,3110,1,0
BRDA:98,3111,0,0
BRDA:98,3111,1,0
BRDA:98,3112,0,0
BRDA:98,3112,1,0
BRDA:98,3113,0,0
BRDA:98,3113,1,0
BRDA:98,3114,0,0
BRDA:98,3114,1,0
BRDA:98,3115,0,0
BRDA:98,3115,1,0
BRDA:98,3116,0,0
BRDA:98,3116,1,0
BRDA:98,3117,0,0
BRDA:98,3118,0,0
BRDA:98,3119,0,0
BRDA:98,3119,1,0
BRDA:98,3120,0,0
BRDA:98,3120,1,0
BRDA:98,3121,0,0
BRDA:98,3121,1,0
BRDA:98,3122,0,0
BRDA:98,3122,1,0
BRDA:98,3123,0,0
BRDA:98,3123,1,0
BRDA:98,3124,0,0
BRDA:98,3124,1,0
BRDA:98,3125,0,0
BRDA:98,3125,1,0
BRDA:98,3126,0,0
BRDA:98,3126,1,0
BRDA:98,3127,0,0
BRDA:98,3127,1,0
BRDA:98,3128,0,0
BRDA:98,3128,1,0
BRDA:98,3129,0,0
BRDA:98,3129,1,0
BRDA:98,3130,0,0
BRDA:98,3130,1,0
BRDA:98,3131,0,0
BRDA:98,3131,1,0
BRDA:98,3132,0,0
BRDA:98,3132,1,0
BRDA:98,3133,0,0
BRDA:98,3133,1,0
BRDA:98,3134,0,0
BRDA:98,3134,1,0
BRDA:98,3135,0,0
BRDA:98,3135,1,0
BRDA:98,3136,0,0
BRDA:98,3136,1,0
BRDA:98,3136,2,0
BRDA:98,3137,0,0
BRDA:98,3137,1,0
BRDA:98,3138,0,0
BRDA:98,3138,1,0
BRDA:98,3139,0,0
BRDA:98,3139,1,0
BRDA:98,3140,0,0
BRDA:98,3140,1,0
BRDA:98,3141,0,0
BRDA:98,3141,1,0
BRDA:98,3142,0,0
BRDA:98,3142,1,0
BRDA:98,3143,0,0
BRDA:98,3143,1,0
BRDA:98,3144,0,0
BRDA:98,3144,1,0
BRDA:98,3145,0,0
BRDA:98,3145,1,0
BRDA:98,3145,2,0
BRDA:98,3145,3,0
BRDA:98,3145,4,0
BRDA:98,3146,0,0
BRDA:98,3146,1,0
BRDA:98,3147,0,0
BRDA:98,3147,1,0
BRDA:98,3148,0,0
BRDA:98,3148,1,0
BRDA:98,3148,2,0
BRDA:98,3149,0,0
BRDA:98,3149,1,0
BRDA:98,3149,2,0
BRDA:98,3150,0,0
BRDA:98,3150,1,0
BRDA:98,3151,0,0
BRDA:98,3151,1,0
BRDA:98,3152,0,0
BRDA:98,3152,1,0
BRDA:98,3153,0,0
BRDA:98,3153,1,0
BRDA:98,3154,0,0
BRDA:98,3154,1,0
BRDA:98,3155,0,0
BRDA:98,3155,1,0
BRDA:98,3156,0,0
BRDA:98,3156,1,0
BRDA:98,3157,0,0
BRDA:98,3157,1,0
BRDA:98,3158,0,0
BRDA:98,3158,1,0
BRDA:98,3159,0,0
BRDA:98,3159,1,0
BRDA:98,3160,0,0
BRDA:98,3160,1,0
BRDA:98,3161,0,0
BRDA:98,3161,1,0
BRDA:98,3162,0,0
BRDA:98,3162,1,0
BRDA:98,3163,0,0
BRDA:98,3163,1,0
BRDA:98,3164,0,0
BRDA:98,3164,1,0
BRDA:98,3165,0,0
BRDA:98,3165,1,0
BRDA:98,3166,0,0
BRDA:98,3166,1,0
BRDA:98,3167,0,0
BRDA:98,3167,1,0
BRDA:98,3168,0,0
BRDA:98,3168,1,0
BRDA:98,3169,0,0
BRDA:98,3169,1,0
BRDA:98,3170,0,0
BRDA:98,3170,1,0
BRDA:98,3171,0,0
BRDA:98,3171,1,0
BRDA:98,3172,0,0
BRDA:98,3172,1,0
BRDA:98,3173,0,0
BRDA:98,3173,1,0
BRDA:98,3174,0,0
BRDA:98,3174,1,0
BRDA:98,3174,2,0
BRDA:98,3174,3,0
BRDA:98,3175,0,0
BRDA:98,3175,1,0
BRDA:98,3176,0,0
BRDA:98,3176,1,0
BRDA:98,3177,0,0
BRDA:98,3177,1,0
BRDA:98,3178,0,0
BRDA:98,3178,1,0
BRDA:98,3178,2,0
BRDA:98,3179,0,0
BRDA:98,3179,1,0
BRDA:98,3180,0,0
BRDA:98,3180,1,0
BRDA:98,3181,0,0
BRDA:98,3181,1,0
BRDA:98,3182,0,0
BRDA:98,3182,1,0
BRDA:98,3183,0,0
BRDA:98,3183,1,0
BRDA:98,3184,0,0
BRDA:98,3184,1,0
BRDA:98,3185,0,0
BRDA:98,3185,1,0
BRDA:98,3186,0,0
BRDA:98,3186,1,0
BRDA:98,3187,0,0
BRDA:98,3187,1,0
BRDA:98,3188,0,0
BRDA:98,3188,1,0
BRDA:98,3189,0,0
BRDA:98,3189,1,0
BRDA:98,3190,0,0
BRDA:98,3190,1,0
BRDA:98,3191,0,0
BRDA:98,3191,1,0
BRDA:98,3192,0,0
BRDA:98,3192,1,0
BRDA:98,3193,0,0
BRDA:98,3193,1,0
BRDA:98,3194,0,0
BRDA:98,3194,1,0
BRDA:98,3195,0,0
BRDA:98,3195,1,0
BRDA:98,3196,0,0
BRDA:98,3196,1,0
BRDA:98,3197,0,0
BRDA:98,3197,1,0
BRDA:98,3198,0,0
BRDA:98,3198,1,0
BRDA:98,3199,0,0
BRDA:98,3199,1,0
BRDA:98,3200,0,0
BRDA:98,3200,1,0
BRDA:98,3201,0,0
BRDA:98,3202,0,0
BRDA:98,3203,0,0
BRDA:98,3204,0,0
BRDA:98,3204,1,0
BRDA:98,3205,0,0
BRDA:98,3205,1,0
BRDA:98,3206,0,0
BRDA:98,3206,1,0
BRDA:98,3207,0,0
BRDA:98,3207,1,0
BRDA:98,3208,0,0
BRDA:98,3208,1,0
BRDA:98,3209,0,0
BRDA:98,3209,1,0
BRDA:98,3210,0,0
BRDA:98,3210,1,0
BRDA:98,3211,0,0
BRDA:98,3211,1,0
BRDA:98,3211,2,0
BRDA:98,3212,0,0
BRDA:98,3212,1,0
BRDA:98,3213,0,0
BRDA:98,3213,1,0
BRDA:98,3214,0,0
BRDA:98,3214,1,0
BRDA:98,3215,0,0
BRDA:98,3215,1,0
BRDA:98,3216,0,0
BRDA:98,3216,1,0
BRDA:98,3217,0,0
BRDA:98,3217,1,0
BRDA:98,3218,0,0
BRDA:98,3218,1,0
BRDA:98,3219,0,0
BRDA:98,3219,1,0
BRDA:98,3220,0,0
BRDA:98,3220,1,0
BRDA:98,3221,0,0
BRDA:98,3221,1,0
BRDA:98,3222,0,0
BRDA:98,3222,1,0
BRDA:98,3223,0,0
BRDA:98,3223,1,0
BRDA:98,3224,0,0
BRDA:98,3224,1,0
BRDA:98,3225,0,0
BRDA:98,3225,1,0
BRDA:98,3226,0,0
BRDA:98,3226,1,0
BRDA:98,3227,0,0
BRDA:98,3227,1,0
BRDA:98,3228,0,0
BRDA:98,3228,1,0
BRDA:98,3229,0,0
BRDA:98,3229,1,0
BRDA:98,3230,0,0
BRDA:98,3230,1,0
BRDA:98,3231,0,0
BRDA:98,3231,1,0
BRDA:98,3232,0,0
BRDA:98,3232,1,0
BRDA:98,3233,0,0
BRDA:98,3233,1,0
BRDA:98,3234,0,0
BRDA:98,3234,1,0
BRDA:98,3235,0,0
BRDA:98,3235,1,0
BRDA:98,3236,0,0
BRDA:98,3236,1,0
BRDA:98,3237,0,0
BRDA:98,3237,1,0
BRDA:98,3237,2,0
BRDA:98,3238,0,0
BRDA:98,3238,1,0
BRDA:98,3239,0,0
BRDA:98,3239,1,0
BRDA:98,3240,0,0
BRDA:98,3240,1,0
BRDA:98,3241,0,0
BRDA:98,3241,1,0
BRDA:98,3242,0,0
BRDA:98,3242,1,0
BRDA:98,3243,0,0
BRDA:98,3243,1,0
BRDA:98,3244,0,0
BRDA:98,3244,1,0
BRDA:98,3245,0,0
BRDA:98,3245,1,0
BRDA:98,3245,2,0
BRDA:98,3246,0,0
BRDA:98,3246,1,0
BRDA:98,3247,0,0
BRDA:98,3247,1,0
BRDA:98,3248,0,0
BRDA:98,3248,1,0
BRDA:98,3249,0,0
BRDA:98,3249,1,0
BRDA:98,3250,0,0
BRDA:98,3250,1,0
BRDA:98,3251,0,0
BRDA:98,3251,1,0
BRDA:98,3252,0,0
BRDA:98,3252,1,0
BRDA:98,3253,0,0
BRDA:98,3253,1,0
BRDA:98,3254,0,0
BRDA:98,3254,1,0
BRDA:98,3254,2,0
BRDA:98,3255,0,0
BRDA:98,3255,1,0
BRDA:98,3256,0,0
BRDA:98,3256,1,0
BRDA:98,3257,0,0
BRDA:98,3257,1,0
BRDA:98,3257,2,0
BRDA:98,3258,0,0
BRDA:98,3258,1,0
BRDA:98,3259,0,0
BRDA:98,3259,1,0
BRDA:98,3260,0,0
BRDA:98,3260,1,0
BRDA:98,3261,0,0
BRDA:98,3261,1,0
BRDA:98,3262,0,0
BRDA:98,3262,1,0
BRDA:98,3263,0,0
BRDA:98,3263,1,0
BRDA:98,3264,0,0
BRDA:98,3264,1,0
BRDA:98,3265,0,0
BRDA:98,3265,1,0
BRDA:98,3266,0,0
BRDA:98,3267,0,0
BRDA:98,3267,1,0
BRDA:98,3268,0,0
BRDA:98,3268,1,0
BRDA:98,3269,0,0
BRDA:98,3269,1,0
BRDA:98,3269,2,0
BRDA:98,3270,0,0
BRDA:98,3270,1,0
BRDA:98,3271,0,0
BRDA:98,3271,1,0
BRDA:98,3272,0,0
BRDA:98,3272,1,0
BRDA:98,3273,0,0
BRDA:98,3273,1,0
BRDA:98,3274,0,0
BRDA:98,3274,1,0
BRDA:98,3274,2,0
BRDA:98,3275,0,0
BRDA:98,3275,1,0
BRDA:98,3276,0,0
BRDA:98,3276,1,0
BRDA:98,3276,2,0
BRDA:98,3277,0,0
BRDA:98,3277,1,0
BRDA:98,3278,0,0
BRDA:98,3278,1,0
BRDA:98,3279,0,0
BRDA:98,3279,1,0
BRDA:98,3280,0,0
BRDA:98,3280,1,0
BRDA:98,3281,0,0
BRDA:98,3281,1,0
BRDA:98,3282,0,0
BRDA:98,3282,1,0
BRDA:98,3283,0,0
BRDA:98,3283,1,0
BRDA:98,3284,0,0
BRDA:98,3284,1,0
BRDA:98,3285,0,0
BRDA:98,3285,1,0
BRDA:98,3286,0,0
BRDA:98,3286,1,0
BRDA:98,3287,0,0
BRDA:98,3287,1,0
BRDA:98,3288,0,0
BRDA:98,3288,1,0
BRDA:98,3289,0,0
BRDA:98,3289,1,0
BRDA:98,3290,0,0
BRDA:98,3290,1,0
BRDA:98,3290,2,0
BRDA:98,3291,0,0
BRDA:98,3291,1,0
BRDA:98,3292,0,0
BRDA:98,3292,1,0
BRDA:98,3292,2,0
BRDA:98,3292,3,0
BRDA:98,3293,0,0
BRDA:98,3293,1,0
BRDA:98,3294,0,0
BRDA:98,3294,1,0
BRDA:98,3295,0,0
BRDA:98,3295,1,0
BRDA:98,3296,0,0
BRDA:98,3296,1,0
BRDA:98,3296,2,0
BRDA:98,3297,0,0
BRDA:98,3297,1,0
BRDA:98,3298,0,0
BRDA:98,3298,1,0
BRDA:98,3299,0,0
BRDA:98,3299,1,0
BRDA:98,3300,0,0
BRDA:98,3300,1,0
BRDA:98,3301,0,0
BRDA:98,3301,1,0
BRDA:98,3302,0,0
BRDA:98,3302,1,0
BRDA:98,3303,0,0
BRDA:98,3303,1,0
BRDA:98,3304,0,0
BRDA:98,3304,1,0
BRDA:98,3305,0,0
BRDA:98,3305,1,0
BRDA:98,3306,0,0
BRDA:98,3306,1,0
BRDA:98,3307,0,0
BRDA:98,3307,1,0
BRDA:98,3308,0,0
BRDA:98,3308,1,0
BRDA:98,3309,0,0
BRDA:98,3309,1,0
BRDA:98,3310,0,0
BRDA:98,3310,1,0
BRDA:98,3310,2,0
BRDA:98,3310,3,0
BRDA:98,3311,0,0
BRDA:98,3311,1,0
BRDA:98,3312,0,0
BRDA:98,3312,1,0
BRDA:98,3313,0,0
BRDA:98,3313,1,0
BRDA:98,3314,0,0
BRDA:98,3314,1,0
BRDA:98,3315,0,0
BRDA:98,3315,1,0
BRDA:98,3316,0,0
BRDA:98,3316,1,0
BRDA:98,3317,0,0
BRDA:98,3317,1,0
BRDA:98,3318,0,0
BRDA:98,3318,1,0
BRDA:98,3319,0,0
BRDA:98,3319,1,0
BRDA:98,3320,0,0
BRDA:98,3320,1,0
BRDA:98,3321,0,0
BRDA:98,3321,1,0
BRDA:98,3322,0,0
BRDA:98,3322,1,0
BRDA:98,3323,0,0
BRDA:98,3323,1,0
BRDA:98,3324,0,0
BRDA:98,3324,1,0
BRDA:98,3325,0,0
BRDA:98,3325,1,0
BRDA:98,3326,0,0
BRDA:98,3326,1,0
BRDA:98,3327,0,0
BRDA:98,3327,1,0
BRDA:98,3328,0,0
BRDA:98,3328,1,0
BRDA:98,3329,0,0
BRDA:98,3329,1,0
BRDA:98,3330,0,0
BRDA:98,3330,1,0
BRDA:98,3331,0,0
BRDA:98,3331,1,0
BRDA:98,3332,0,0
BRDA:98,3332,1,0
BRDA:98,3333,0,0
BRDA:98,3333,1,0
BRDA:98,3334,0,0
BRDA:98,3334,1,0
BRDA:98,3335,0,0
BRDA:98,3335,1,0
BRDA:98,3336,0,0
BRDA:98,3336,1,0
BRDA:98,3337,0,0
BRDA:98,3337,1,0
BRDA:98,3338,0,0
BRDA:98,3338,1,0
BRDA:98,3339,0,0
BRDA:98,3339,1,0
BRDA:98,3340,0,0
BRDA:98,3340,1,0
BRDA:98,3341,0,0
BRDA:98,3341,1,0
BRDA:98,3342,0,0
BRDA:98,3342,1,0
BRDA:98,3343,0,0
BRDA:98,3343,1,0
BRDA:98,3344,0,0
BRDA:98,3344,1,0
BRDA:98,3345,0,0
BRDA:98,3345,1,0
BRF:7664
BRH:0
end_of_record
TN:
SF:server/server.js
FN:12,(anonymous_0)
FN:39,(anonymous_1)
FN:44,(anonymous_2)
FN:45,(anonymous_3)
FN:50,(anonymous_4)
FN:51,(anonymous_5)
FN:55,(anonymous_6)
FN:58,(anonymous_7)
FN:63,(anonymous_8)
FNF:9
FNH:0
FNDA:0,(anonymous_0)
FNDA:0,(anonymous_1)
FNDA:0,(anonymous_2)
FNDA:0,(anonymous_3)
FNDA:0,(anonymous_4)
FNDA:0,(anonymous_5)
FNDA:0,(anonymous_6)
FNDA:0,(anonymous_7)
FNDA:0,(anonymous_8)
DA:1,0
DA:2,0
DA:3,0
DA:4,0
DA:5,0
DA:9,0
DA:12,0
DA:13,0
DA:14,0
DA:15,0
DA:17,0
DA:18,0
DA:22,0
DA:27,0
DA:28,0
DA:30,0
DA:31,0
DA:32,0
DA:34,0
DA:35,0
DA:39,0
DA:40,0
DA:41,0
DA:42,0
DA:43,0
DA:44,0
DA:46,0
DA:47,0
DA:48,0
DA:49,0
DA:50,0
DA:52,0
DA:53,0
DA:55,0
DA:58,0
DA:59,0
DA:63,0
LF:37
LH:0
BRF:0
BRH:0
end_of_record
TN:
SF:server/controllers/auth_controller.js
FN:6,(anonymous_0)
FNF:1
FNH:0
FNDA:0,(anonymous_0)
DA:1,0
DA:2,0
DA:4,0
DA:6,0
DA:8,0
DA:9,0
DA:10,0
DA:12,0
DA:15,0
DA:16,0
DA:20,0
DA:21,0
DA:23,0
DA:25,0
DA:26,0
DA:31,0
DA:35,0
LF:17
LH:0
BRDA:9,0,0,0
BRDA:9,0,1,0
BRDA:9,1,0,0
BRDA:9,1,1,0
BRF:4
BRH:0
end_of_record
TN:
SF:server/controllers/cookie_controller.js
FN:5,(anonymous_0)
FNF:1
FNH:0
FNDA:0,(anonymous_0)
DA:1,0
DA:3,0
DA:5,0
DA:6,0
DA:9,0
DA:12,0
LF:6
LH:0
BRF:0
BRH:0
end_of_record
TN:
SF:server/controllers/trip_controller.js
FN:13,(anonymous_0)
FN:70,(anonymous_1)
FN:82,(anonymous_2)
FN:86,(anonymous_3)
FN:93,(anonymous_4)
FN:97,(anonymous_5)
FN:105,(anonymous_6)
FN:112,(anonymous_7)
FN:117,(anonymous_8)
FN:121,(anonymous_9)
FNF:10
FNH:0
FNDA:0,(anonymous_0)
FNDA:0,(anonymous_1)
FNDA:0,(anonymous_2)
FNDA:0,(anonymous_3)
FNDA:0,(anonymous_4)
FNDA:0,(anonymous_5)
FNDA:0,(anonymous_6)
FNDA:0,(anonymous_7)
FNDA:0,(anonymous_8)
FNDA:0,(anonymous_9)
DA:3,0
DA:4,0
DA:5,0
DA:6,0
DA:7,0
DA:9,0
DA:11,0
DA:14,0
DA:15,0
DA:16,0
DA:18,0
DA:19,0
DA:20,0
DA:21,0
DA:25,0
DA:49,0
DA:50,0
DA:61,0
DA:62,0
DA:63,0
DA:65,0
DA:72,0
DA:83,0
DA:84,0
DA:87,0
DA:88,0
DA:94,0
DA:95,0
DA:96,0
DA:98,0
DA:99,0
DA:101,0
DA:103,0
DA:106,0
DA:107,0
DA:113,0
DA:114,0
DA:118,0
DA:119,0
DA:122,0
DA:123,0
DA:128,0
LF:42
LH:0
BRDA:98,0,0,0
BRDA:98,0,1,0
BRF:2
BRH:0
end_of_record
TN:
SF:server/controllers/userController.js
FN:7,(anonymous_0)
FN:49,(anonymous_1)
FN:83,(anonymous_2)
FN:95,(anonymous_3)
FNF:4
FNH:0
FNDA:0,(anonymous_0)
FNDA:0,(anonymous_1)
FNDA:0,(anonymous_2)
FNDA:0,(anonymous_3)
DA:1,0
DA:2,0
DA:3,0
DA:5,0
DA:7,0
DA:8,0
DA:9,0
DA:10,0
DA:13,0
DA:14,0
DA:15,0
DA:19,0
DA:22,0
DA:23,0
DA:24,0
DA:25,0
DA:29,0
DA:30,0
DA:33,0
DA:35,0
DA:36,0
DA:38,0
DA:41,0
DA:44,0
DA:45,0
DA:49,0
DA:50,0
DA:51,0
DA:53,0
DA:55,0
DA:56,0
DA:57,0
DA:58,0
DA:61,0
DA:62,0
DA:63,0
DA:64,0
DA:67,0
DA:75,0
DA:77,0
DA:78,0
DA:83,0
DA:84,0
DA:85,0
DA:86,0
DA:88,0
DA:89,0
DA:95,0
DA:96,0
DA:99,0
LF:50
LH:0
BRDA:13,0,0,0
BRDA:13,0,1,0
BRDA:13,1,0,0
BRDA:13,1,1,0
BRDA:13,1,2,0
BRDA:13,1,3,0
BRDA:22,2,0,0
BRDA:22,2,1,0
BRDA:35,3,0,0
BRDA:35,3,1,0
BRDA:56,4,0,0
BRDA:56,4,1,0
BRDA:62,5,0,0
BRDA:62,5,1,0
BRF:14
BRH:0
end_of_record
TN:
SF:server/models/Itinerary.js
FNF:0
FNH:0
DA:1,0
DA:3,0
DA:19,0
LF:3
LH:0
BRF:0
BRH:0
end_of_record
TN:
SF:server/models/User.js
FNF:0
FNH:0
DA:1,0
DA:4,0
DA:28,0
DA:31,0
LF:4
LH:0
BRF:0
BRH:0
end_of_record
TN:
SF:server/routes/itineraryRoutes.js
FN:6,(anonymous_0)
FN:9,(anonymous_1)
FN:13,(anonymous_2)
FN:18,(anonymous_3)
FNF:4
FNH:0
FNDA:0,(anonymous_0)
FNDA:0,(anonymous_1)
FNDA:0,(anonymous_2)
FNDA:0,(anonymous_3)
DA:1,0
DA:2,0
DA:3,0
DA:4,0
DA:6,0
DA:7,0
DA:8,0
DA:10,0
DA:13,0
DA:15,0
DA:18,0
DA:19,0
DA:22,0
LF:13
LH:0
BRF:0
BRH:0
end_of_record
TN:
SF:server/routes/userRoutes.js
FN:12,(anonymous_0)
FN:19,(anonymous_1)
FN:27,(anonymous_2)
FNF:3
FNH:0
FNDA:0,(anonymous_0)
FNDA:0,(anonymous_1)
FNDA:0,(anonymous_2)
DA:1,0
DA:2,0
DA:3,0
DA:4,0
DA:5,0
DA:8,0
DA:12,0
DA:16,0
DA:19,0
DA:23,0
DA:26,0
DA:27,0
DA:32,0
LF:13
LH:0
BRF:0
BRH:0
end_of_record
